Using pre-set license
Built from '2022.1/staging' branch; Version is '2022.1.7f1 (240f4c1f462c) revision 2363212'; Using compiler version '192829333'; Build Type 'Release'
OS: 'Windows 10  (10.0.19044) 64bit Core' Language: 'en' Physical Memory: 15789 MB
BatchMode: 1, IsHumanControllingUs: 0, StartBugReporterOnCrash: 0, Is64bit: 1, IsPro: 1

COMMAND LINE ARGUMENTS:
C:\Program Files\Unity\Hub\Editor\2022.1.7f1\Editor\Unity.exe
-adb2
-batchMode
-noUpm
-name
AssetImportWorker3
-projectPath
C:/Users/Digx7/Desktop/Files/Work/Git_Repos/Mini-Jam-Sacrafice/Mini Jam 110 Sacrifice
-logFile
Logs/AssetImportWorker3.log
-srvPort
63267
Successfully changed project path to: C:/Users/Digx7/Desktop/Files/Work/Git_Repos/Mini-Jam-Sacrafice/Mini Jam 110 Sacrifice
C:/Users/Digx7/Desktop/Files/Work/Git_Repos/Mini-Jam-Sacrafice/Mini Jam 110 Sacrifice
[UnityMemory] Configuration Parameters - Can be set up in boot.config
    "memorysetup-bucket-allocator-granularity=16"
    "memorysetup-bucket-allocator-bucket-count=8"
    "memorysetup-bucket-allocator-block-size=33554432"
    "memorysetup-bucket-allocator-block-count=8"
    "memorysetup-main-allocator-block-size=16777216"
    "memorysetup-thread-allocator-block-size=16777216"
    "memorysetup-gfx-main-allocator-block-size=16777216"
    "memorysetup-gfx-thread-allocator-block-size=16777216"
    "memorysetup-cache-allocator-block-size=4194304"
    "memorysetup-typetree-allocator-block-size=2097152"
    "memorysetup-profiler-bucket-allocator-granularity=16"
    "memorysetup-profiler-bucket-allocator-bucket-count=8"
    "memorysetup-profiler-bucket-allocator-block-size=33554432"
    "memorysetup-profiler-bucket-allocator-block-count=8"
    "memorysetup-profiler-allocator-block-size=16777216"
    "memorysetup-profiler-editor-allocator-block-size=1048576"
    "memorysetup-temp-allocator-size-main=16777216"
    "memorysetup-job-temp-allocator-block-size=2097152"
    "memorysetup-job-temp-allocator-block-size-background=1048576"
    "memorysetup-job-temp-allocator-reduction-small-platforms=262144"
    "memorysetup-temp-allocator-size-background-worker=32768"
    "memorysetup-temp-allocator-size-job-worker=262144"
    "memorysetup-temp-allocator-size-preload-manager=33554432"
    "memorysetup-temp-allocator-size-nav-mesh-worker=65536"
    "memorysetup-temp-allocator-size-audio-worker=65536"
    "memorysetup-temp-allocator-size-cloud-worker=32768"
    "memorysetup-temp-allocator-size-gi-baking-worker=262144"
    "memorysetup-temp-allocator-size-gfx=262144"
Refreshing native plugins compatible for Editor in 158.83 ms, found 4 plugins.
Preloading 0 native plugins for Editor in 0.00 ms.
Initialize engine version: 2022.1.7f1 (240f4c1f462c)
[Subsystems] Discovering subsystems at path C:/Program Files/Unity/Hub/Editor/2022.1.7f1/Editor/Data/Resources/UnitySubsystems
[Subsystems] Discovering subsystems at path C:/Users/Digx7/Desktop/Files/Work/Git_Repos/Mini-Jam-Sacrafice/Mini Jam 110 Sacrifice/Assets
GfxDevice: creating device client; threaded=0; jobified=0
Direct3D:
    Version:  Direct3D 11.0 [level 11.1]
    Renderer: NVIDIA GeForce RTX 2060 with Max-Q Design (ID=0x1f12)
    Vendor:   NVIDIA
    VRAM:     5980 MB
    Driver:   30.0.15.1278
Initialize mono
Mono path[0] = 'C:/Program Files/Unity/Hub/Editor/2022.1.7f1/Editor/Data/Managed'
Mono path[1] = 'C:/Program Files/Unity/Hub/Editor/2022.1.7f1/Editor/Data/MonoBleedingEdge/lib/mono/unityjit-win32'
Mono config path = 'C:/Program Files/Unity/Hub/Editor/2022.1.7f1/Editor/Data/MonoBleedingEdge/etc'
Using monoOptions --debugger-agent=transport=dt_socket,embedding=1,server=y,suspend=n,address=127.0.0.1:56348
Begin MonoManager ReloadAssembly
Registering precompiled unity dll's ...
Register platform support module: C:/Program Files/Unity/Hub/Editor/2022.1.7f1/Editor/Data/PlaybackEngines/WebGLSupport/UnityEditor.WebGL.Extensions.dll
Register platform support module: C:/Program Files/Unity/Hub/Editor/2022.1.7f1/Editor/Data/PlaybackEngines/MacStandaloneSupport/UnityEditor.OSXStandalone.Extensions.dll
Register platform support module: C:/Program Files/Unity/Hub/Editor/2022.1.7f1/Editor/Data/PlaybackEngines/WindowsStandaloneSupport/UnityEditor.WindowsStandalone.Extensions.dll
Register platform support module: C:/Program Files/Unity/Hub/Editor/2022.1.7f1/Editor/Data/PlaybackEngines/MetroSupport/UnityEditor.UWP.Extensions.dll
Registered in 0.012161 seconds.
Native extension for UWP target not found
Native extension for WindowsStandalone target not found
Native extension for OSXStandalone target not found
Native extension for WebGL target not found
Refreshing native plugins compatible for Editor in 113.62 ms, found 4 plugins.
Preloading 0 native plugins for Editor in 0.00 ms.
Mono: successfully reloaded assembly
- Completed reload, in  0.752 seconds
Domain Reload Profiling:
	ReloadAssembly (752ms)
		BeginReloadAssembly (78ms)
			ExecutionOrderSort (0ms)
			DisableScriptedObjects (0ms)
			BackupInstance (0ms)
			ReleaseScriptingObjects (0ms)
			CreateAndSetChildDomain (1ms)
		EndReloadAssembly (547ms)
			LoadAssemblies (76ms)
			RebuildTransferFunctionScriptingTraits (0ms)
			SetupTypeCache (133ms)
				TypeCache.Initialize (132ms)
					TypeCache.ScanAssembly (130ms)
				ResolveRequiredComponents (1ms)
			ReleaseScriptCaches (0ms)
			RebuildScriptCaches (30ms)
			SetupLoadedEditorAssemblies (325ms)
				LogAssemblyErrors (0ms)
				InitializePlatformSupportModulesInManaged (16ms)
				SetLoadedEditorAssemblies (7ms)
				RefreshPlugins (114ms)
				BeforeProcessingInitializeOnLoad (2ms)
				ProcessInitializeOnLoadAttributes (139ms)
				ProcessInitializeOnLoadMethodAttributes (48ms)
				AfterProcessingInitializeOnLoad (0ms)
				EditorAssembliesLoaded (0ms)
			ExecutionOrderSort2 (0ms)
			AwakeInstancesAfterBackupRestoration (0ms)
Platform modules already initialized, skipping
Registering precompiled user dll's ...
Registered in 0.009774 seconds.
Begin MonoManager ReloadAssembly
Symbol file LoadedFromMemory doesn't match image C:\Users\Digx7\Desktop\Files\Work\Git_Repos\Mini-Jam-Sacrafice\Mini Jam 110 Sacrifice\Library\PackageCache\com.unity.visualscripting@1.7.8\Editor\VisualScripting.Core\Dependencies\YamlDotNet\Unity.VisualScripting.YamlDotNet.dll
Symbol file LoadedFromMemory doesn't match image C:\Users\Digx7\Desktop\Files\Work\Git_Repos\Mini-Jam-Sacrafice\Mini Jam 110 Sacrifice\Library\PackageCache\com.unity.visualscripting@1.7.8\Editor\VisualScripting.Core\Dependencies\DotNetZip\Unity.VisualScripting.IonicZip.dll
Native extension for UWP target not found
Native extension for WindowsStandalone target not found
Native extension for OSXStandalone target not found
Native extension for WebGL target not found
Refreshing native plugins compatible for Editor in 115.39 ms, found 4 plugins.
Preloading 0 native plugins for Editor in 0.00 ms.
Mono: successfully reloaded assembly
- Completed reload, in  1.480 seconds
Domain Reload Profiling:
	ReloadAssembly (1481ms)
		BeginReloadAssembly (129ms)
			ExecutionOrderSort (0ms)
			DisableScriptedObjects (6ms)
			BackupInstance (0ms)
			ReleaseScriptingObjects (0ms)
			CreateAndSetChildDomain (21ms)
		EndReloadAssembly (1221ms)
			LoadAssemblies (113ms)
			RebuildTransferFunctionScriptingTraits (0ms)
			SetupTypeCache (324ms)
				TypeCache.Initialize (318ms)
					TypeCache.ScanAssembly (313ms)
				ResolveRequiredComponents (6ms)
			ReleaseScriptCaches (1ms)
			RebuildScriptCaches (67ms)
			SetupLoadedEditorAssemblies (650ms)
				LogAssemblyErrors (0ms)
				InitializePlatformSupportModulesInManaged (13ms)
				SetLoadedEditorAssemblies (8ms)
				RefreshPlugins (115ms)
				BeforeProcessingInitializeOnLoad (121ms)
				ProcessInitializeOnLoadAttributes (341ms)
				ProcessInitializeOnLoadMethodAttributes (42ms)
				AfterProcessingInitializeOnLoad (9ms)
				EditorAssembliesLoaded (0ms)
			ExecutionOrderSort2 (0ms)
			AwakeInstancesAfterBackupRestoration (8ms)
Platform modules already initialized, skipping
========================================================================
Worker process is ready to serve import requests
Launched and connected shader compiler UnityShaderCompiler.exe after 0.08 seconds
Refreshing native plugins compatible for Editor in 1.37 ms, found 4 plugins.
Preloading 0 native plugins for Editor in 0.00 ms.
Unloading 4596 Unused Serialized files (Serialized files now loaded: 0)
Unloading 43 unused Assets / (57.8 KB). Loaded Objects now: 5057.
Memory consumption went from 0.70 GB to 0.70 GB.
Total: 5.179300 ms (FindLiveObjects: 0.556700 ms CreateObjectMapping: 0.302900 ms MarkObjects: 4.173500 ms  DeleteObjects: 0.144500 ms)

AssetImportParameters requested are different than current active one (requested -> active):
  custom:video-decoder-ogg-theora: a1e56fd34408186e4bbccfd4996cb3dc -> 
  custom:container-muxer-webm: aa71ff27fc2769a1b78a27578f13a17b -> 
  custom:container-demuxer-webm: 4f35f7cbe854078d1ac9338744f61a02 -> 
  custom:video-encoder-webm-vp8: eb34c28f22e8b96e1ab97ce403110664 -> 
  custom:video-codec-MediaFoundation-h265: 746d11721c4dcdbdad8f713fa42b33f4 -> 
  custom:audio-encoder-webm-vorbis: bf7c407c2cedff20999df2af8eb42d56 -> 
  custom:framework-win-MediaFoundation: 216162199b28c13a410421893ffa2e32 -> 
  custom:container-demuxer-ogg: 62fdf1f143b41e24485cea50d1cbac27 -> 
  custom:video-decoder-webm-vp8: 9c59270c3fd7afecdb556c50c9e8de78 -> 
  custom:audio-decoder-ogg-vorbis: bf7c407c2cedff20999df2af8eb42d56 -> 
========================================================================
Received Import Request.
  Time since last request: 259467.589852 seconds.
  path: Assets/Digx7/Prefab/Debuff/Debuff.prefab
  artifactKey: Guid(ce8cde10aa092ab48bdf2bd03df33afa) Importer(815301076,1909f56bfc062723c751e8b465ee728b)
Start importing Assets/Digx7/Prefab/Debuff/Debuff.prefab using Guid(ce8cde10aa092ab48bdf2bd03df33afa) Importer(815301076,1909f56bfc062723c751e8b465ee728b)  -> (artifact id: 'c924d3a808592e893655e77228f32b45') in 0.458763 seconds 
========================================================================
Received Import Request.
  Time since last request: 0.000037 seconds.
  path: Assets/Digx7/Prefab/Debuff/Debuff_SpawnInParticles.prefab
  artifactKey: Guid(b558e7411774fe4449f01f4c7088b548) Importer(815301076,1909f56bfc062723c751e8b465ee728b)
Start importing Assets/Digx7/Prefab/Debuff/Debuff_SpawnInParticles.prefab using Guid(b558e7411774fe4449f01f4c7088b548) Importer(815301076,1909f56bfc062723c751e8b465ee728b)  -> (artifact id: '91ca3102c173934fc2a9cb5f8c88e6fe') in 0.081165 seconds 
========================================================================
Received Import Request.
  Time since last request: 0.000042 seconds.
  path: Assets/Digx7/Prefab/Debuff/Reduce Bullet Speed Debuff Variant.prefab
  artifactKey: Guid(3aba3efb5fba4a5448a6657b59ac52e5) Importer(815301076,1909f56bfc062723c751e8b465ee728b)
Start importing Assets/Digx7/Prefab/Debuff/Reduce Bullet Speed Debuff Variant.prefab using Guid(3aba3efb5fba4a5448a6657b59ac52e5) Importer(815301076,1909f56bfc062723c751e8b465ee728b)  -> (artifact id: 'b854b8af58aaf3bdaf7cb4b19f9f59c6') in 0.051895 seconds 
========================================================================
Received Import Request.
  Time since last request: 0.000028 seconds.
  path: Assets/Digx7/Prefab/Debuff/Increase Damage Taken Debuff Variant.prefab
  artifactKey: Guid(90be7fe93abbfac46871da3f52614cd5) Importer(815301076,1909f56bfc062723c751e8b465ee728b)
Start importing Assets/Digx7/Prefab/Debuff/Increase Damage Taken Debuff Variant.prefab using Guid(90be7fe93abbfac46871da3f52614cd5) Importer(815301076,1909f56bfc062723c751e8b465ee728b)  -> (artifact id: 'dc65907aa3ea2235cece40799ff9c03b') in 0.049287 seconds 
========================================================================
Received Import Request.
  Time since last request: 30.185222 seconds.
  path: Assets/Digx7/Prefab/Debuff/Debuff_SpawnInParticles.prefab
  artifactKey: Guid(b558e7411774fe4449f01f4c7088b548) Importer(815301076,1909f56bfc062723c751e8b465ee728b)
Start importing Assets/Digx7/Prefab/Debuff/Debuff_SpawnInParticles.prefab using Guid(b558e7411774fe4449f01f4c7088b548) Importer(815301076,1909f56bfc062723c751e8b465ee728b)  -> (artifact id: 'e84579aff8c2b6482cd6227aedf9bd11') in 0.172567 seconds 
========================================================================
Received Import Request.
  Time since last request: 0.000035 seconds.
  path: Assets/Digx7/Prefab/Debuff/Reduce Bullet Speed Debuff Variant.prefab
  artifactKey: Guid(3aba3efb5fba4a5448a6657b59ac52e5) Importer(815301076,1909f56bfc062723c751e8b465ee728b)
Start importing Assets/Digx7/Prefab/Debuff/Reduce Bullet Speed Debuff Variant.prefab using Guid(3aba3efb5fba4a5448a6657b59ac52e5) Importer(815301076,1909f56bfc062723c751e8b465ee728b)  -> (artifact id: '93f05a3f81adca5b390182db1f4c098a') in 0.063266 seconds 
========================================================================
Received Import Request.
  Time since last request: 0.000045 seconds.
  path: Assets/Digx7/Prefab/Debuff/Increase Damage Taken Debuff Variant.prefab
  artifactKey: Guid(90be7fe93abbfac46871da3f52614cd5) Importer(815301076,1909f56bfc062723c751e8b465ee728b)
Start importing Assets/Digx7/Prefab/Debuff/Increase Damage Taken Debuff Variant.prefab using Guid(90be7fe93abbfac46871da3f52614cd5) Importer(815301076,1909f56bfc062723c751e8b465ee728b)  -> (artifact id: 'ace726f1dc02c243f82264c4b79188ad') in 0.060487 seconds 
========================================================================
Received Import Request.
  Time since last request: 8.753201 seconds.
  path: Assets/Digx7/Prefab/Debuff/Debuff_SpawnInParticles.prefab
  artifactKey: Guid(b558e7411774fe4449f01f4c7088b548) Importer(815301076,1909f56bfc062723c751e8b465ee728b)
Start importing Assets/Digx7/Prefab/Debuff/Debuff_SpawnInParticles.prefab using Guid(b558e7411774fe4449f01f4c7088b548) Importer(815301076,1909f56bfc062723c751e8b465ee728b)  -> (artifact id: 'f6fb45ae8cd46d5c04750e2d76e1495b') in 0.121859 seconds 
========================================================================
Received Import Request.
  Time since last request: 0.000044 seconds.
  path: Assets/Digx7/Prefab/Debuff/Increase Damage Taken Debuff Variant.prefab
  artifactKey: Guid(90be7fe93abbfac46871da3f52614cd5) Importer(815301076,1909f56bfc062723c751e8b465ee728b)
Start importing Assets/Digx7/Prefab/Debuff/Increase Damage Taken Debuff Variant.prefab using Guid(90be7fe93abbfac46871da3f52614cd5) Importer(815301076,1909f56bfc062723c751e8b465ee728b)  -> (artifact id: '875b6acb07addc0747634899b149436c') in 0.058147 seconds 
========================================================================
Received Import Request.
  Time since last request: 24.465675 seconds.
  path: Assets/Digx7/Prefab/Debuff/Debuff_SpawnInParticles.prefab
  artifactKey: Guid(b558e7411774fe4449f01f4c7088b548) Importer(815301076,1909f56bfc062723c751e8b465ee728b)
Start importing Assets/Digx7/Prefab/Debuff/Debuff_SpawnInParticles.prefab using Guid(b558e7411774fe4449f01f4c7088b548) Importer(815301076,1909f56bfc062723c751e8b465ee728b)  -> (artifact id: 'b9bacab0d612a18c8d82c22fcbc26ba0') in 0.144540 seconds 
========================================================================
Received Import Request.
  Time since last request: 0.007260 seconds.
  path: Assets/Digx7/Prefab/Debuff/Increase Damage Taken Debuff Variant.prefab
  artifactKey: Guid(90be7fe93abbfac46871da3f52614cd5) Importer(815301076,1909f56bfc062723c751e8b465ee728b)
Start importing Assets/Digx7/Prefab/Debuff/Increase Damage Taken Debuff Variant.prefab using Guid(90be7fe93abbfac46871da3f52614cd5) Importer(815301076,1909f56bfc062723c751e8b465ee728b)  -> (artifact id: '24b3ba1b91feb5b944e17018dc23bb1d') in 0.059678 seconds 
========================================================================
Received Import Request.
  Time since last request: 13.532422 seconds.
  path: Assets/Digx7/Prefab/Debuff/Debuff_SpawnInParticles.prefab
  artifactKey: Guid(b558e7411774fe4449f01f4c7088b548) Importer(815301076,1909f56bfc062723c751e8b465ee728b)
Start importing Assets/Digx7/Prefab/Debuff/Debuff_SpawnInParticles.prefab using Guid(b558e7411774fe4449f01f4c7088b548) Importer(815301076,1909f56bfc062723c751e8b465ee728b)  -> (artifact id: '5c2fc9b342a597b5353de63d35d0dc8a') in 0.103077 seconds 
========================================================================
Received Import Request.
  Time since last request: 0.005223 seconds.
  path: Assets/Digx7/Prefab/Debuff/Increase Damage Taken Debuff Variant.prefab
  artifactKey: Guid(90be7fe93abbfac46871da3f52614cd5) Importer(815301076,1909f56bfc062723c751e8b465ee728b)
Start importing Assets/Digx7/Prefab/Debuff/Increase Damage Taken Debuff Variant.prefab using Guid(90be7fe93abbfac46871da3f52614cd5) Importer(815301076,1909f56bfc062723c751e8b465ee728b)  -> (artifact id: '82f974e545dd0fd4603759d8a01e59dc') in 0.069425 seconds 
========================================================================
Received Import Request.
  Time since last request: 28.156499 seconds.
  path: Assets/Digx7/Prefab/Debuff/Debuff_SpawnInParticles.prefab
  artifactKey: Guid(b558e7411774fe4449f01f4c7088b548) Importer(815301076,1909f56bfc062723c751e8b465ee728b)
Start importing Assets/Digx7/Prefab/Debuff/Debuff_SpawnInParticles.prefab using Guid(b558e7411774fe4449f01f4c7088b548) Importer(815301076,1909f56bfc062723c751e8b465ee728b)  -> (artifact id: 'cd08fb31c6b3d45982e3fcfb98f8a7f6') in 0.205235 seconds 
========================================================================
Received Import Request.
  Time since last request: 6.498143 seconds.
  path: Assets/Digx7/Prefab/Debuff/Debuff_SpawnInParticles.prefab
  artifactKey: Guid(b558e7411774fe4449f01f4c7088b548) Importer(815301076,1909f56bfc062723c751e8b465ee728b)
Start importing Assets/Digx7/Prefab/Debuff/Debuff_SpawnInParticles.prefab using Guid(b558e7411774fe4449f01f4c7088b548) Importer(815301076,1909f56bfc062723c751e8b465ee728b)  -> (artifact id: '67bcec754d8d9a97f7a3228146b48111') in 0.151516 seconds 
========================================================================
Received Import Request.
  Time since last request: 0.000034 seconds.
  path: Assets/Digx7/Prefab/Debuff/Increase Damage Taken Debuff Variant.prefab
  artifactKey: Guid(90be7fe93abbfac46871da3f52614cd5) Importer(815301076,1909f56bfc062723c751e8b465ee728b)
Start importing Assets/Digx7/Prefab/Debuff/Increase Damage Taken Debuff Variant.prefab using Guid(90be7fe93abbfac46871da3f52614cd5) Importer(815301076,1909f56bfc062723c751e8b465ee728b)  -> (artifact id: 'cd3d83c267b47546cf801c51a2f07f92') in 0.085399 seconds 
========================================================================
Received Import Request.
  Time since last request: 3.628233 seconds.
  path: Assets/Digx7/Prefab/Debuff/Debuff_SpawnInParticles.prefab
  artifactKey: Guid(b558e7411774fe4449f01f4c7088b548) Importer(815301076,1909f56bfc062723c751e8b465ee728b)
Start importing Assets/Digx7/Prefab/Debuff/Debuff_SpawnInParticles.prefab using Guid(b558e7411774fe4449f01f4c7088b548) Importer(815301076,1909f56bfc062723c751e8b465ee728b)  -> (artifact id: 'a9ea0e6920797a713f1ad7ecf7ce72b2') in 0.171016 seconds 
========================================================================
Received Import Request.
  Time since last request: 0.000056 seconds.
  path: Assets/Digx7/Prefab/Debuff/Increase Damage Taken Debuff Variant.prefab
  artifactKey: Guid(90be7fe93abbfac46871da3f52614cd5) Importer(815301076,1909f56bfc062723c751e8b465ee728b)
Start importing Assets/Digx7/Prefab/Debuff/Increase Damage Taken Debuff Variant.prefab using Guid(90be7fe93abbfac46871da3f52614cd5) Importer(815301076,1909f56bfc062723c751e8b465ee728b)  -> (artifact id: '86fca8b2efbcf8856576789e190c2566') in 0.054332 seconds 
========================================================================
Received Import Request.
  Time since last request: 4.485818 seconds.
  path: Assets/Digx7/Prefab/Debuff/Debuff_SpawnInParticles.prefab
  artifactKey: Guid(b558e7411774fe4449f01f4c7088b548) Importer(815301076,1909f56bfc062723c751e8b465ee728b)
Start importing Assets/Digx7/Prefab/Debuff/Debuff_SpawnInParticles.prefab using Guid(b558e7411774fe4449f01f4c7088b548) Importer(815301076,1909f56bfc062723c751e8b465ee728b)  -> (artifact id: '653211ec4f22a6e8581025e4e3ce112b') in 0.084633 seconds 
========================================================================
Received Import Request.
  Time since last request: 0.000040 seconds.
  path: Assets/Digx7/Prefab/Debuff/Increase Damage Taken Debuff Variant.prefab
  artifactKey: Guid(90be7fe93abbfac46871da3f52614cd5) Importer(815301076,1909f56bfc062723c751e8b465ee728b)
Start importing Assets/Digx7/Prefab/Debuff/Increase Damage Taken Debuff Variant.prefab using Guid(90be7fe93abbfac46871da3f52614cd5) Importer(815301076,1909f56bfc062723c751e8b465ee728b)  -> (artifact id: '254ba3ad5519f51094842ff8f1415902') in 0.052187 seconds 
========================================================================
Received Import Request.
  Time since last request: 4.670343 seconds.
  path: Assets/Digx7/Prefab/Debuff/Debuff_SpawnInParticles.prefab
  artifactKey: Guid(b558e7411774fe4449f01f4c7088b548) Importer(815301076,1909f56bfc062723c751e8b465ee728b)
Start importing Assets/Digx7/Prefab/Debuff/Debuff_SpawnInParticles.prefab using Guid(b558e7411774fe4449f01f4c7088b548) Importer(815301076,1909f56bfc062723c751e8b465ee728b)  -> (artifact id: '6bb0064ff8e172c610b4d90e3c05e79c') in 0.136711 seconds 
========================================================================
Received Import Request.
  Time since last request: 0.000038 seconds.
  path: Assets/Digx7/Prefab/Debuff/Decrease Speed Debuff Variant.prefab
  artifactKey: Guid(b2c74ff980d4378438832f89757f2a37) Importer(815301076,1909f56bfc062723c751e8b465ee728b)
Start importing Assets/Digx7/Prefab/Debuff/Decrease Speed Debuff Variant.prefab using Guid(b2c74ff980d4378438832f89757f2a37) Importer(815301076,1909f56bfc062723c751e8b465ee728b)  -> (artifact id: '06772a326bf60f794cac6a1740fc466d') in 0.068316 seconds 
========================================================================
Received Import Request.
  Time since last request: 36.198926 seconds.
  path: Assets/Digx7/Prefab/Debuff/Debuff_SpawnInParticles.prefab
  artifactKey: Guid(b558e7411774fe4449f01f4c7088b548) Importer(815301076,1909f56bfc062723c751e8b465ee728b)
Start importing Assets/Digx7/Prefab/Debuff/Debuff_SpawnInParticles.prefab using Guid(b558e7411774fe4449f01f4c7088b548) Importer(815301076,1909f56bfc062723c751e8b465ee728b)  -> (artifact id: '8b14923d8a81cad0bd726acac8e29bab') in 0.144841 seconds 
========================================================================
Received Import Request.
  Time since last request: 0.000034 seconds.
  path: Assets/Digx7/Prefab/Debuff/Decrease Speed Debuff Variant.prefab
  artifactKey: Guid(b2c74ff980d4378438832f89757f2a37) Importer(815301076,1909f56bfc062723c751e8b465ee728b)
Start importing Assets/Digx7/Prefab/Debuff/Decrease Speed Debuff Variant.prefab using Guid(b2c74ff980d4378438832f89757f2a37) Importer(815301076,1909f56bfc062723c751e8b465ee728b)  -> (artifact id: '5e788a6672cb91cb1a70047c55cf0072') in 0.067635 seconds 
========================================================================
Received Import Request.
  Time since last request: 74.947406 seconds.
  path: Assets/Digx7/Prefab/Debuff/Debuff.prefab
  artifactKey: Guid(ce8cde10aa092ab48bdf2bd03df33afa) Importer(815301076,1909f56bfc062723c751e8b465ee728b)
Start importing Assets/Digx7/Prefab/Debuff/Debuff.prefab using Guid(ce8cde10aa092ab48bdf2bd03df33afa) Importer(815301076,1909f56bfc062723c751e8b465ee728b)  -> (artifact id: '1ded4369067876d5a02bab75c06a4a6c') in 0.201582 seconds 
========================================================================
Received Import Request.
  Time since last request: 0.000039 seconds.
  path: Assets/Digx7/Prefab/Debuff/Decrease Health Debuff Variant.prefab
  artifactKey: Guid(cabe9665695b01247acd5c275059c9b3) Importer(815301076,1909f56bfc062723c751e8b465ee728b)
Start importing Assets/Digx7/Prefab/Debuff/Decrease Health Debuff Variant.prefab using Guid(cabe9665695b01247acd5c275059c9b3) Importer(815301076,1909f56bfc062723c751e8b465ee728b)  -> (artifact id: '41ab87b0c707877a7a997c61e4e5f20d') in 0.084400 seconds 
========================================================================
Received Import Request.
  Time since last request: 0.000046 seconds.
  path: Assets/Digx7/Prefab/Debuff/Increase Fire Rate Debuff Variant.prefab
  artifactKey: Guid(fd6a4206cd9b9f643b374b285135ac95) Importer(815301076,1909f56bfc062723c751e8b465ee728b)
Start importing Assets/Digx7/Prefab/Debuff/Increase Fire Rate Debuff Variant.prefab using Guid(fd6a4206cd9b9f643b374b285135ac95) Importer(815301076,1909f56bfc062723c751e8b465ee728b)  -> (artifact id: '00ab1e5630f4b90618fd59103e1b955c') in 0.065558 seconds 
========================================================================
Received Import Request.
  Time since last request: 0.000035 seconds.
  path: Assets/Digx7/Prefab/Debuff/Decrease Speed Debuff Variant.prefab
  artifactKey: Guid(b2c74ff980d4378438832f89757f2a37) Importer(815301076,1909f56bfc062723c751e8b465ee728b)
Start importing Assets/Digx7/Prefab/Debuff/Decrease Speed Debuff Variant.prefab using Guid(b2c74ff980d4378438832f89757f2a37) Importer(815301076,1909f56bfc062723c751e8b465ee728b)  -> (artifact id: '9fe65c30e60688db94a1041162a24543') in 0.050557 seconds 
========================================================================
Received Import Request.
  Time since last request: 4.261904 seconds.
  path: Assets/Digx7/Prefab/Debuff/Debuff.prefab
  artifactKey: Guid(ce8cde10aa092ab48bdf2bd03df33afa) Importer(815301076,1909f56bfc062723c751e8b465ee728b)
Start importing Assets/Digx7/Prefab/Debuff/Debuff.prefab using Guid(ce8cde10aa092ab48bdf2bd03df33afa) Importer(815301076,1909f56bfc062723c751e8b465ee728b)  -> (artifact id: 'de5119d946966482f0f6ba3290c8474c') in 0.055589 seconds 
========================================================================
Received Import Request.
  Time since last request: 0.000034 seconds.
  path: Assets/Digx7/Prefab/Debuff/Decrease Health Debuff Variant.prefab
  artifactKey: Guid(cabe9665695b01247acd5c275059c9b3) Importer(815301076,1909f56bfc062723c751e8b465ee728b)
Start importing Assets/Digx7/Prefab/Debuff/Decrease Health Debuff Variant.prefab using Guid(cabe9665695b01247acd5c275059c9b3) Importer(815301076,1909f56bfc062723c751e8b465ee728b)  -> (artifact id: '80f270bf837b0ede701bb77f7ccd5db2') in 0.054413 seconds 
========================================================================
Received Import Request.
  Time since last request: 0.000038 seconds.
  path: Assets/Digx7/Prefab/Debuff/Increase Fire Rate Debuff Variant.prefab
  artifactKey: Guid(fd6a4206cd9b9f643b374b285135ac95) Importer(815301076,1909f56bfc062723c751e8b465ee728b)
Start importing Assets/Digx7/Prefab/Debuff/Increase Fire Rate Debuff Variant.prefab using Guid(fd6a4206cd9b9f643b374b285135ac95) Importer(815301076,1909f56bfc062723c751e8b465ee728b)  -> (artifact id: '0cf66b4453800eb0df1bc4f621d2f389') in 0.049916 seconds 
========================================================================
Received Import Request.
  Time since last request: 0.000041 seconds.
  path: Assets/Digx7/Prefab/Debuff/Decrease Speed Debuff Variant.prefab
  artifactKey: Guid(b2c74ff980d4378438832f89757f2a37) Importer(815301076,1909f56bfc062723c751e8b465ee728b)
Start importing Assets/Digx7/Prefab/Debuff/Decrease Speed Debuff Variant.prefab using Guid(b2c74ff980d4378438832f89757f2a37) Importer(815301076,1909f56bfc062723c751e8b465ee728b)  -> (artifact id: 'ae8af272b8149dce18b2e780b0c4356d') in 0.052034 seconds 
Editor requested this worker to shutdown with reason: Scaling down because of idle timeout
AssetImportWorker is now disconnected from the server
Process exiting
Exiting without the bug reporter. Application will terminate with return code 0