Using pre-set license
Built from '2022.1/staging' branch; Version is '2022.1.7f1 (240f4c1f462c) revision 2363212'; Using compiler version '192829333'; Build Type 'Release'
OS: 'Windows 10  (10.0.19044) 64bit Core' Language: 'en' Physical Memory: 15789 MB
BatchMode: 1, IsHumanControllingUs: 0, StartBugReporterOnCrash: 0, Is64bit: 1, IsPro: 1

COMMAND LINE ARGUMENTS:
C:\Program Files\Unity\Hub\Editor\2022.1.7f1\Editor\Unity.exe
-adb2
-batchMode
-noUpm
-name
AssetImportWorker0
-projectPath
C:/Users/Digx7/Desktop/Files/Work/Git_Repos/Mini-Jam-Sacrafice/Mini Jam 110 Sacrifice
-logFile
Logs/AssetImportWorker0.log
-srvPort
63267
Successfully changed project path to: C:/Users/Digx7/Desktop/Files/Work/Git_Repos/Mini-Jam-Sacrafice/Mini Jam 110 Sacrifice
C:/Users/Digx7/Desktop/Files/Work/Git_Repos/Mini-Jam-Sacrafice/Mini Jam 110 Sacrifice
[UnityMemory] Configuration Parameters - Can be set up in boot.config
    "memorysetup-bucket-allocator-granularity=16"
    "memorysetup-bucket-allocator-bucket-count=8"
    "memorysetup-bucket-allocator-block-size=33554432"
    "memorysetup-bucket-allocator-block-count=8"
    "memorysetup-main-allocator-block-size=16777216"
    "memorysetup-thread-allocator-block-size=16777216"
    "memorysetup-gfx-main-allocator-block-size=16777216"
    "memorysetup-gfx-thread-allocator-block-size=16777216"
    "memorysetup-cache-allocator-block-size=4194304"
    "memorysetup-typetree-allocator-block-size=2097152"
    "memorysetup-profiler-bucket-allocator-granularity=16"
    "memorysetup-profiler-bucket-allocator-bucket-count=8"
    "memorysetup-profiler-bucket-allocator-block-size=33554432"
    "memorysetup-profiler-bucket-allocator-block-count=8"
    "memorysetup-profiler-allocator-block-size=16777216"
    "memorysetup-profiler-editor-allocator-block-size=1048576"
    "memorysetup-temp-allocator-size-main=16777216"
    "memorysetup-job-temp-allocator-block-size=2097152"
    "memorysetup-job-temp-allocator-block-size-background=1048576"
    "memorysetup-job-temp-allocator-reduction-small-platforms=262144"
    "memorysetup-temp-allocator-size-background-worker=32768"
    "memorysetup-temp-allocator-size-job-worker=262144"
    "memorysetup-temp-allocator-size-preload-manager=33554432"
    "memorysetup-temp-allocator-size-nav-mesh-worker=65536"
    "memorysetup-temp-allocator-size-audio-worker=65536"
    "memorysetup-temp-allocator-size-cloud-worker=32768"
    "memorysetup-temp-allocator-size-gi-baking-worker=262144"
    "memorysetup-temp-allocator-size-gfx=262144"
Refreshing native plugins compatible for Editor in 119.74 ms, found 4 plugins.
Preloading 0 native plugins for Editor in 0.00 ms.
Initialize engine version: 2022.1.7f1 (240f4c1f462c)
[Subsystems] Discovering subsystems at path C:/Program Files/Unity/Hub/Editor/2022.1.7f1/Editor/Data/Resources/UnitySubsystems
[Subsystems] Discovering subsystems at path C:/Users/Digx7/Desktop/Files/Work/Git_Repos/Mini-Jam-Sacrafice/Mini Jam 110 Sacrifice/Assets
GfxDevice: creating device client; threaded=0; jobified=0
Direct3D:
    Version:  Direct3D 11.0 [level 11.1]
    Renderer: NVIDIA GeForce RTX 2060 with Max-Q Design (ID=0x1f12)
    Vendor:   NVIDIA
    VRAM:     5980 MB
    Driver:   30.0.15.1278
Initialize mono
Mono path[0] = 'C:/Program Files/Unity/Hub/Editor/2022.1.7f1/Editor/Data/Managed'
Mono path[1] = 'C:/Program Files/Unity/Hub/Editor/2022.1.7f1/Editor/Data/MonoBleedingEdge/lib/mono/unityjit-win32'
Mono config path = 'C:/Program Files/Unity/Hub/Editor/2022.1.7f1/Editor/Data/MonoBleedingEdge/etc'
Using monoOptions --debugger-agent=transport=dt_socket,embedding=1,server=y,suspend=n,address=127.0.0.1:56880
Begin MonoManager ReloadAssembly
Registering precompiled unity dll's ...
Register platform support module: C:/Program Files/Unity/Hub/Editor/2022.1.7f1/Editor/Data/PlaybackEngines/WebGLSupport/UnityEditor.WebGL.Extensions.dll
Register platform support module: C:/Program Files/Unity/Hub/Editor/2022.1.7f1/Editor/Data/PlaybackEngines/MacStandaloneSupport/UnityEditor.OSXStandalone.Extensions.dll
Register platform support module: C:/Program Files/Unity/Hub/Editor/2022.1.7f1/Editor/Data/PlaybackEngines/WindowsStandaloneSupport/UnityEditor.WindowsStandalone.Extensions.dll
Register platform support module: C:/Program Files/Unity/Hub/Editor/2022.1.7f1/Editor/Data/PlaybackEngines/MetroSupport/UnityEditor.UWP.Extensions.dll
Registered in 0.013451 seconds.
Native extension for UWP target not found
Native extension for WindowsStandalone target not found
Native extension for OSXStandalone target not found
Native extension for WebGL target not found
Refreshing native plugins compatible for Editor in 116.73 ms, found 4 plugins.
Preloading 0 native plugins for Editor in 0.00 ms.
Mono: successfully reloaded assembly
- Completed reload, in  0.812 seconds
Domain Reload Profiling:
	ReloadAssembly (813ms)
		BeginReloadAssembly (101ms)
			ExecutionOrderSort (0ms)
			DisableScriptedObjects (0ms)
			BackupInstance (0ms)
			ReleaseScriptingObjects (0ms)
			CreateAndSetChildDomain (1ms)
		EndReloadAssembly (586ms)
			LoadAssemblies (98ms)
			RebuildTransferFunctionScriptingTraits (0ms)
			SetupTypeCache (129ms)
				TypeCache.Initialize (129ms)
					TypeCache.ScanAssembly (127ms)
				ResolveRequiredComponents (0ms)
			ReleaseScriptCaches (0ms)
			RebuildScriptCaches (32ms)
			SetupLoadedEditorAssemblies (359ms)
				LogAssemblyErrors (0ms)
				InitializePlatformSupportModulesInManaged (17ms)
				SetLoadedEditorAssemblies (10ms)
				RefreshPlugins (117ms)
				BeforeProcessingInitializeOnLoad (1ms)
				ProcessInitializeOnLoadAttributes (164ms)
				ProcessInitializeOnLoadMethodAttributes (50ms)
				AfterProcessingInitializeOnLoad (0ms)
				EditorAssembliesLoaded (0ms)
			ExecutionOrderSort2 (0ms)
			AwakeInstancesAfterBackupRestoration (0ms)
Platform modules already initialized, skipping
Registering precompiled user dll's ...
Registered in 0.009942 seconds.
Begin MonoManager ReloadAssembly
Symbol file LoadedFromMemory doesn't match image C:\Users\Digx7\Desktop\Files\Work\Git_Repos\Mini-Jam-Sacrafice\Mini Jam 110 Sacrifice\Library\PackageCache\com.unity.visualscripting@1.7.8\Editor\VisualScripting.Core\Dependencies\YamlDotNet\Unity.VisualScripting.YamlDotNet.dll
Symbol file LoadedFromMemory doesn't match image C:\Users\Digx7\Desktop\Files\Work\Git_Repos\Mini-Jam-Sacrafice\Mini Jam 110 Sacrifice\Library\PackageCache\com.unity.visualscripting@1.7.8\Editor\VisualScripting.Core\Dependencies\DotNetZip\Unity.VisualScripting.IonicZip.dll
Native extension for UWP target not found
Native extension for WindowsStandalone target not found
Native extension for OSXStandalone target not found
Native extension for WebGL target not found
Refreshing native plugins compatible for Editor in 110.49 ms, found 4 plugins.
Preloading 0 native plugins for Editor in 0.00 ms.
Mono: successfully reloaded assembly
- Completed reload, in  1.407 seconds
Domain Reload Profiling:
	ReloadAssembly (1408ms)
		BeginReloadAssembly (119ms)
			ExecutionOrderSort (0ms)
			DisableScriptedObjects (5ms)
			BackupInstance (0ms)
			ReleaseScriptingObjects (0ms)
			CreateAndSetChildDomain (20ms)
		EndReloadAssembly (1164ms)
			LoadAssemblies (106ms)
			RebuildTransferFunctionScriptingTraits (0ms)
			SetupTypeCache (319ms)
				TypeCache.Initialize (315ms)
					TypeCache.ScanAssembly (309ms)
				ResolveRequiredComponents (4ms)
			ReleaseScriptCaches (1ms)
			RebuildScriptCaches (68ms)
			SetupLoadedEditorAssemblies (622ms)
				LogAssemblyErrors (0ms)
				InitializePlatformSupportModulesInManaged (14ms)
				SetLoadedEditorAssemblies (8ms)
				RefreshPlugins (111ms)
				BeforeProcessingInitializeOnLoad (120ms)
				ProcessInitializeOnLoadAttributes (312ms)
				ProcessInitializeOnLoadMethodAttributes (48ms)
				AfterProcessingInitializeOnLoad (10ms)
				EditorAssembliesLoaded (0ms)
			ExecutionOrderSort2 (0ms)
			AwakeInstancesAfterBackupRestoration (6ms)
Platform modules already initialized, skipping
========================================================================
Worker process is ready to serve import requests
Launched and connected shader compiler UnityShaderCompiler.exe after 0.06 seconds
Refreshing native plugins compatible for Editor in 0.87 ms, found 4 plugins.
Preloading 0 native plugins for Editor in 0.00 ms.
Unloading 4596 Unused Serialized files (Serialized files now loaded: 0)
Unloading 43 unused Assets / (57.8 KB). Loaded Objects now: 5057.
Memory consumption went from 0.70 GB to 0.70 GB.
Total: 3.861400 ms (FindLiveObjects: 0.370700 ms CreateObjectMapping: 0.119900 ms MarkObjects: 3.201700 ms  DeleteObjects: 0.167600 ms)

AssetImportParameters requested are different than current active one (requested -> active):
  custom:video-decoder-ogg-theora: a1e56fd34408186e4bbccfd4996cb3dc -> 
  custom:container-muxer-webm: aa71ff27fc2769a1b78a27578f13a17b -> 
  custom:container-demuxer-webm: 4f35f7cbe854078d1ac9338744f61a02 -> 
  custom:video-encoder-webm-vp8: eb34c28f22e8b96e1ab97ce403110664 -> 
  custom:video-codec-MediaFoundation-h265: 746d11721c4dcdbdad8f713fa42b33f4 -> 
  custom:audio-encoder-webm-vorbis: bf7c407c2cedff20999df2af8eb42d56 -> 
  custom:framework-win-MediaFoundation: 216162199b28c13a410421893ffa2e32 -> 
  custom:container-demuxer-ogg: 62fdf1f143b41e24485cea50d1cbac27 -> 
  custom:video-decoder-webm-vp8: 9c59270c3fd7afecdb556c50c9e8de78 -> 
  custom:audio-decoder-ogg-vorbis: bf7c407c2cedff20999df2af8eb42d56 -> 
========================================================================
Received Import Request.
  Time since last request: 256741.256276 seconds.
  path: Assets/Digx7/Prefab/Enemies/SpawnInParticles/Astroid_SpawnInParticles Variant.prefab
  artifactKey: Guid(33dec008196f60a44af93b267b917b7d) Importer(815301076,1909f56bfc062723c751e8b465ee728b)
Start importing Assets/Digx7/Prefab/Enemies/SpawnInParticles/Astroid_SpawnInParticles Variant.prefab using Guid(33dec008196f60a44af93b267b917b7d) Importer(815301076,1909f56bfc062723c751e8b465ee728b)  -> (artifact id: '41cd87d4653e505a1b7755ea4112d2df') in 0.120197 seconds 
========================================================================
Received Import Request.
  Time since last request: 6.129555 seconds.
  path: Assets/Digx7/Prefab/Enemies/Astroid_Enemy_Spawner.prefab
  artifactKey: Guid(f117958e64eb0e74580bd5d676808451) Importer(815301076,1909f56bfc062723c751e8b465ee728b)
Start importing Assets/Digx7/Prefab/Enemies/Astroid_Enemy_Spawner.prefab using Guid(f117958e64eb0e74580bd5d676808451) Importer(815301076,1909f56bfc062723c751e8b465ee728b)  -> (artifact id: 'a59dabe90ad52c179c28d8942ec9e5e3') in 0.049370 seconds 
========================================================================
Received Import Request.
  Time since last request: 25.769755 seconds.
  path: Assets/Digx7/Prefab/Enemies/Astroid_Enemy_Spawner.prefab
  artifactKey: Guid(f117958e64eb0e74580bd5d676808451) Importer(815301076,1909f56bfc062723c751e8b465ee728b)
Start importing Assets/Digx7/Prefab/Enemies/Astroid_Enemy_Spawner.prefab using Guid(f117958e64eb0e74580bd5d676808451) Importer(815301076,1909f56bfc062723c751e8b465ee728b)  -> (artifact id: '5c4c6902347656f770d5640d6d89b9a6') in 0.011165 seconds 
========================================================================
Received Import Request.
  Time since last request: 1.781945 seconds.
  path: Assets/Digx7/Prefab/Enemies/Astroid_Enemy_Spawner.prefab
  artifactKey: Guid(f117958e64eb0e74580bd5d676808451) Importer(815301076,1909f56bfc062723c751e8b465ee728b)
Start importing Assets/Digx7/Prefab/Enemies/Astroid_Enemy_Spawner.prefab using Guid(f117958e64eb0e74580bd5d676808451) Importer(815301076,1909f56bfc062723c751e8b465ee728b)  -> (artifact id: 'a7c2d08ce880c2ceaff23686175a0408') in 0.008948 seconds 
========================================================================
Received Import Request.
  Time since last request: 3.625400 seconds.
  path: Assets/Digx7/Prefab/Enemies/Astroid_Enemy_Spawner.prefab
  artifactKey: Guid(f117958e64eb0e74580bd5d676808451) Importer(815301076,1909f56bfc062723c751e8b465ee728b)
Start importing Assets/Digx7/Prefab/Enemies/Astroid_Enemy_Spawner.prefab using Guid(f117958e64eb0e74580bd5d676808451) Importer(815301076,1909f56bfc062723c751e8b465ee728b)  -> (artifact id: '0f7182bebee99ea144445510aa5c533f') in 0.009475 seconds 
========================================================================
Received Import Request.
  Time since last request: 11.862785 seconds.
  path: Assets/Digx7/Prefab/Enemies/Astroid_Enemy_Spawner.prefab
  artifactKey: Guid(f117958e64eb0e74580bd5d676808451) Importer(815301076,1909f56bfc062723c751e8b465ee728b)
Start importing Assets/Digx7/Prefab/Enemies/Astroid_Enemy_Spawner.prefab using Guid(f117958e64eb0e74580bd5d676808451) Importer(815301076,1909f56bfc062723c751e8b465ee728b)  -> (artifact id: '68176dba949fe04f94a8c1319aabee31') in 0.010143 seconds 
========================================================================
Received Import Request.
  Time since last request: 0.782192 seconds.
  path: Assets/Digx7/Prefab/Enemies/Astroid_Enemy_Spawner.prefab
  artifactKey: Guid(f117958e64eb0e74580bd5d676808451) Importer(815301076,1909f56bfc062723c751e8b465ee728b)
Start importing Assets/Digx7/Prefab/Enemies/Astroid_Enemy_Spawner.prefab using Guid(f117958e64eb0e74580bd5d676808451) Importer(815301076,1909f56bfc062723c751e8b465ee728b)  -> (artifact id: '1899069e6c1fd2bd53ad59a035950843') in 0.009048 seconds 
========================================================================
Received Import Request.
  Time since last request: 4.329276 seconds.
  path: Assets/Digx7/Prefab/Enemies/Bomber_Enemy_Spawner.prefab
  artifactKey: Guid(3f5eea4bcd11a40488a35fdaf8d5d496) Importer(815301076,1909f56bfc062723c751e8b465ee728b)
Start importing Assets/Digx7/Prefab/Enemies/Bomber_Enemy_Spawner.prefab using Guid(3f5eea4bcd11a40488a35fdaf8d5d496) Importer(815301076,1909f56bfc062723c751e8b465ee728b)  -> (artifact id: '904f14c4e0783a9f754f604ce9abec78') in 0.041591 seconds 
========================================================================
Received Import Request.
  Time since last request: 8.128714 seconds.
  path: Assets/Digx7/Prefab/Enemies/Bomber_Enemy_Spawner.prefab
  artifactKey: Guid(3f5eea4bcd11a40488a35fdaf8d5d496) Importer(815301076,1909f56bfc062723c751e8b465ee728b)
Start importing Assets/Digx7/Prefab/Enemies/Bomber_Enemy_Spawner.prefab using Guid(3f5eea4bcd11a40488a35fdaf8d5d496) Importer(815301076,1909f56bfc062723c751e8b465ee728b)  -> (artifact id: 'ce832107327f828c2636afc2ffa90684') in 0.015725 seconds 
========================================================================
Received Import Request.
  Time since last request: 2.796480 seconds.
  path: Assets/Digx7/Prefab/Enemies/Bomber_Enemy_Spawner.prefab
  artifactKey: Guid(3f5eea4bcd11a40488a35fdaf8d5d496) Importer(815301076,1909f56bfc062723c751e8b465ee728b)
Start importing Assets/Digx7/Prefab/Enemies/Bomber_Enemy_Spawner.prefab using Guid(3f5eea4bcd11a40488a35fdaf8d5d496) Importer(815301076,1909f56bfc062723c751e8b465ee728b)  -> (artifact id: '23186ebae5152b3aa760027249f4eb43') in 0.012610 seconds 
========================================================================
Received Import Request.
  Time since last request: 13.380156 seconds.
  path: Assets/Digx7/Prefab/Enemies/Bomber_Enemy_Spawner.prefab
  artifactKey: Guid(3f5eea4bcd11a40488a35fdaf8d5d496) Importer(815301076,1909f56bfc062723c751e8b465ee728b)
Start importing Assets/Digx7/Prefab/Enemies/Bomber_Enemy_Spawner.prefab using Guid(3f5eea4bcd11a40488a35fdaf8d5d496) Importer(815301076,1909f56bfc062723c751e8b465ee728b)  -> (artifact id: '30892249b43ebc46c51e6eb1a81cc51a') in 0.014108 seconds 
========================================================================
Received Import Request.
  Time since last request: 0.974005 seconds.
  path: Assets/Digx7/Prefab/Enemies/Bomber_Enemy_Spawner.prefab
  artifactKey: Guid(3f5eea4bcd11a40488a35fdaf8d5d496) Importer(815301076,1909f56bfc062723c751e8b465ee728b)
Start importing Assets/Digx7/Prefab/Enemies/Bomber_Enemy_Spawner.prefab using Guid(3f5eea4bcd11a40488a35fdaf8d5d496) Importer(815301076,1909f56bfc062723c751e8b465ee728b)  -> (artifact id: '5c745945c84e3e53b3018ca9a37ee1a7') in 0.011292 seconds 
========================================================================
Received Import Request.
  Time since last request: 7.564016 seconds.
  path: Assets/Digx7/Prefab/Enemies/Pusher_Enemy_Spawner.prefab
  artifactKey: Guid(c40e18ab8d29fe046a90f8095df0edb0) Importer(815301076,1909f56bfc062723c751e8b465ee728b)
Start importing Assets/Digx7/Prefab/Enemies/Pusher_Enemy_Spawner.prefab using Guid(c40e18ab8d29fe046a90f8095df0edb0) Importer(815301076,1909f56bfc062723c751e8b465ee728b)  -> (artifact id: '3736495236a848411e42cfeb3ad2ed67') in 0.013291 seconds 
========================================================================
Received Import Request.
  Time since last request: 10.020186 seconds.
  path: Assets/Digx7/Prefab/Enemies/Pusher_Enemy_Spawner.prefab
  artifactKey: Guid(c40e18ab8d29fe046a90f8095df0edb0) Importer(815301076,1909f56bfc062723c751e8b465ee728b)
Start importing Assets/Digx7/Prefab/Enemies/Pusher_Enemy_Spawner.prefab using Guid(c40e18ab8d29fe046a90f8095df0edb0) Importer(815301076,1909f56bfc062723c751e8b465ee728b)  -> (artifact id: '0351791e41df935b2fc8e6e89e9fc9db') in 0.010431 seconds 
========================================================================
Received Import Request.
  Time since last request: 2.410223 seconds.
  path: Assets/Digx7/Prefab/Enemies/Pusher_Enemy_Spawner.prefab
  artifactKey: Guid(c40e18ab8d29fe046a90f8095df0edb0) Importer(815301076,1909f56bfc062723c751e8b465ee728b)
Start importing Assets/Digx7/Prefab/Enemies/Pusher_Enemy_Spawner.prefab using Guid(c40e18ab8d29fe046a90f8095df0edb0) Importer(815301076,1909f56bfc062723c751e8b465ee728b)  -> (artifact id: 'ef07fae12500dd07c371c850aecd9eda') in 0.009548 seconds 
========================================================================
Received Import Request.
  Time since last request: 2.801609 seconds.
  path: Assets/Digx7/Prefab/Enemies/Pusher_Enemy_Spawner.prefab
  artifactKey: Guid(c40e18ab8d29fe046a90f8095df0edb0) Importer(815301076,1909f56bfc062723c751e8b465ee728b)
Start importing Assets/Digx7/Prefab/Enemies/Pusher_Enemy_Spawner.prefab using Guid(c40e18ab8d29fe046a90f8095df0edb0) Importer(815301076,1909f56bfc062723c751e8b465ee728b)  -> (artifact id: '29ab6da5f5b30a29e9350c1bfa51d382') in 0.011901 seconds 
========================================================================
Received Import Request.
  Time since last request: 11.254425 seconds.
  path: Assets/Digx7/Prefab/Enemies/Pusher_Enemy_Spawner.prefab
  artifactKey: Guid(c40e18ab8d29fe046a90f8095df0edb0) Importer(815301076,1909f56bfc062723c751e8b465ee728b)
Start importing Assets/Digx7/Prefab/Enemies/Pusher_Enemy_Spawner.prefab using Guid(c40e18ab8d29fe046a90f8095df0edb0) Importer(815301076,1909f56bfc062723c751e8b465ee728b)  -> (artifact id: 'ab14a718f39c5434eaded1e50dcfbf76') in 0.010828 seconds 
========================================================================
Received Import Request.
  Time since last request: 1.189213 seconds.
  path: Assets/Digx7/Prefab/Enemies/Pusher_Enemy_Spawner.prefab
  artifactKey: Guid(c40e18ab8d29fe046a90f8095df0edb0) Importer(815301076,1909f56bfc062723c751e8b465ee728b)
Start importing Assets/Digx7/Prefab/Enemies/Pusher_Enemy_Spawner.prefab using Guid(c40e18ab8d29fe046a90f8095df0edb0) Importer(815301076,1909f56bfc062723c751e8b465ee728b)  -> (artifact id: '27dde513e9e0b58740e43897fd311477') in 0.008240 seconds 
========================================================================
Received Import Request.
  Time since last request: 1.250422 seconds.
  path: Assets/Digx7/Prefab/Enemies/Shooter_Enemy_Spawner.prefab
  artifactKey: Guid(20030b139bc0cb74ca75c950be2401ce) Importer(815301076,1909f56bfc062723c751e8b465ee728b)
Start importing Assets/Digx7/Prefab/Enemies/Shooter_Enemy_Spawner.prefab using Guid(20030b139bc0cb74ca75c950be2401ce) Importer(815301076,1909f56bfc062723c751e8b465ee728b)  -> (artifact id: 'a955b1a9e42eb23084d2771735b90f2c') in 0.021534 seconds 
========================================================================
Received Import Request.
  Time since last request: 1.508476 seconds.
  path: Assets/Digx7/Prefab/Enemies/Shooter_Enemy_Spawner.prefab
  artifactKey: Guid(20030b139bc0cb74ca75c950be2401ce) Importer(815301076,1909f56bfc062723c751e8b465ee728b)
Start importing Assets/Digx7/Prefab/Enemies/Shooter_Enemy_Spawner.prefab using Guid(20030b139bc0cb74ca75c950be2401ce) Importer(815301076,1909f56bfc062723c751e8b465ee728b)  -> (artifact id: 'c89314dbb119c629249bc0e40e64379e') in 0.016055 seconds 
========================================================================
Received Import Request.
  Time since last request: 8.232550 seconds.
  path: Assets/Digx7/Prefab/Enemies/Shooter_Enemy_Spawner.prefab
  artifactKey: Guid(20030b139bc0cb74ca75c950be2401ce) Importer(815301076,1909f56bfc062723c751e8b465ee728b)
Start importing Assets/Digx7/Prefab/Enemies/Shooter_Enemy_Spawner.prefab using Guid(20030b139bc0cb74ca75c950be2401ce) Importer(815301076,1909f56bfc062723c751e8b465ee728b)  -> (artifact id: 'c1d6a272811649e88d3840f0cbd8c0eb') in 0.017075 seconds 
========================================================================
Received Import Request.
  Time since last request: 1.190505 seconds.
  path: Assets/Digx7/Prefab/Enemies/Shooter_Enemy_Spawner.prefab
  artifactKey: Guid(20030b139bc0cb74ca75c950be2401ce) Importer(815301076,1909f56bfc062723c751e8b465ee728b)
Start importing Assets/Digx7/Prefab/Enemies/Shooter_Enemy_Spawner.prefab using Guid(20030b139bc0cb74ca75c950be2401ce) Importer(815301076,1909f56bfc062723c751e8b465ee728b)  -> (artifact id: 'abad0b8a5eb84c6a948698708a66c4e4') in 0.012944 seconds 
========================================================================
Received Import Request.
  Time since last request: 3.413155 seconds.
  path: Assets/Digx7/Prefab/Enemies/Shooter_Enemy_Spawner.prefab
  artifactKey: Guid(20030b139bc0cb74ca75c950be2401ce) Importer(815301076,1909f56bfc062723c751e8b465ee728b)
Start importing Assets/Digx7/Prefab/Enemies/Shooter_Enemy_Spawner.prefab using Guid(20030b139bc0cb74ca75c950be2401ce) Importer(815301076,1909f56bfc062723c751e8b465ee728b)  -> (artifact id: 'd7c9e595033906b184365d679099aea2') in 0.014540 seconds 
========================================================================
Received Import Request.
  Time since last request: 47.907896 seconds.
  path: Assets/Digx7/Prefab/Enemies/Shooter_Enemy_Spawner.prefab
  artifactKey: Guid(20030b139bc0cb74ca75c950be2401ce) Importer(815301076,1909f56bfc062723c751e8b465ee728b)
Start importing Assets/Digx7/Prefab/Enemies/Shooter_Enemy_Spawner.prefab using Guid(20030b139bc0cb74ca75c950be2401ce) Importer(815301076,1909f56bfc062723c751e8b465ee728b)  -> (artifact id: 'e0cecea2d7ea43e8d7341e9d8f1b33fb') in 0.018455 seconds 
========================================================================
Received Prepare
Registering precompiled user dll's ...
Registered in 0.010512 seconds.
Begin MonoManager ReloadAssembly
Symbol file LoadedFromMemory doesn't match image C:\Users\Digx7\Desktop\Files\Work\Git_Repos\Mini-Jam-Sacrafice\Mini Jam 110 Sacrifice\Library\PackageCache\com.unity.visualscripting@1.7.8\Editor\VisualScripting.Core\Dependencies\YamlDotNet\Unity.VisualScripting.YamlDotNet.dll
Symbol file LoadedFromMemory doesn't match image C:\Users\Digx7\Desktop\Files\Work\Git_Repos\Mini-Jam-Sacrafice\Mini Jam 110 Sacrifice\Library\PackageCache\com.unity.visualscripting@1.7.8\Editor\VisualScripting.Core\Dependencies\DotNetZip\Unity.VisualScripting.IonicZip.dll
Native extension for UWP target not found
Native extension for WindowsStandalone target not found
Native extension for OSXStandalone target not found
Native extension for WebGL target not found
Refreshing native plugins compatible for Editor in 1.38 ms, found 4 plugins.
Preloading 0 native plugins for Editor in 0.00 ms.
Mono: successfully reloaded assembly
- Completed reload, in  1.527 seconds
Domain Reload Profiling:
	ReloadAssembly (1528ms)
		BeginReloadAssembly (158ms)
			ExecutionOrderSort (0ms)
			DisableScriptedObjects (6ms)
			BackupInstance (0ms)
			ReleaseScriptingObjects (0ms)
			CreateAndSetChildDomain (45ms)
		EndReloadAssembly (1260ms)
			LoadAssemblies (108ms)
			RebuildTransferFunctionScriptingTraits (0ms)
			SetupTypeCache (400ms)
				TypeCache.Initialize (394ms)
					TypeCache.ScanAssembly (385ms)
				ResolveRequiredComponents (6ms)
			ReleaseScriptCaches (2ms)
			RebuildScriptCaches (70ms)
			SetupLoadedEditorAssemblies (578ms)
				LogAssemblyErrors (0ms)
				InitializePlatformSupportModulesInManaged (28ms)
				SetLoadedEditorAssemblies (10ms)
				RefreshPlugins (1ms)
				BeforeProcessingInitializeOnLoad (113ms)
				ProcessInitializeOnLoadAttributes (366ms)
				ProcessInitializeOnLoadMethodAttributes (48ms)
				AfterProcessingInitializeOnLoad (13ms)
				EditorAssembliesLoaded (0ms)
			ExecutionOrderSort2 (0ms)
			AwakeInstancesAfterBackupRestoration (12ms)
Platform modules already initialized, skipping
Refreshing native plugins compatible for Editor in 4.50 ms, found 4 plugins.
Preloading 0 native plugins for Editor in 0.00 ms.
Unloading 4571 Unused Serialized files (Serialized files now loaded: 0)
Unloading 28 unused Assets / (25.4 KB). Loaded Objects now: 5067.
Memory consumption went from 0.70 GB to 0.70 GB.
Total: 4.104500 ms (FindLiveObjects: 0.379200 ms CreateObjectMapping: 0.173800 ms MarkObjects: 3.511100 ms  DeleteObjects: 0.039000 ms)

AssetImportParameters requested are different than current active one (requested -> active):
  custom:video-decoder-ogg-theora: a1e56fd34408186e4bbccfd4996cb3dc -> 
  custom:container-muxer-webm: aa71ff27fc2769a1b78a27578f13a17b -> 
  custom:container-demuxer-webm: 4f35f7cbe854078d1ac9338744f61a02 -> 
  custom:video-encoder-webm-vp8: eb34c28f22e8b96e1ab97ce403110664 -> 
  custom:video-codec-MediaFoundation-h265: 746d11721c4dcdbdad8f713fa42b33f4 -> 
  custom:audio-encoder-webm-vorbis: bf7c407c2cedff20999df2af8eb42d56 -> 
  custom:framework-win-MediaFoundation: 216162199b28c13a410421893ffa2e32 -> 
  custom:container-demuxer-ogg: 62fdf1f143b41e24485cea50d1cbac27 -> 
  custom:video-decoder-webm-vp8: 9c59270c3fd7afecdb556c50c9e8de78 -> 
  custom:audio-decoder-ogg-vorbis: bf7c407c2cedff20999df2af8eb42d56 -> 
========================================================================
Received Import Request.
  Time since last request: 71.811657 seconds.
  path: Assets/Digx7/Prefab/Enemies/SpawnInParticles/SpawnInParticles.prefab
  artifactKey: Guid(3173a5b36dd512647a0b76e62949ddcc) Importer(815301076,1909f56bfc062723c751e8b465ee728b)
Start importing Assets/Digx7/Prefab/Enemies/SpawnInParticles/SpawnInParticles.prefab using Guid(3173a5b36dd512647a0b76e62949ddcc) Importer(815301076,1909f56bfc062723c751e8b465ee728b)  -> (artifact id: '68311aa8489ca02953748f74c63325a8') in 0.086043 seconds 
========================================================================
Received Prepare
Registering precompiled user dll's ...
Registered in 0.012275 seconds.
Begin MonoManager ReloadAssembly
Symbol file LoadedFromMemory doesn't match image C:\Users\Digx7\Desktop\Files\Work\Git_Repos\Mini-Jam-Sacrafice\Mini Jam 110 Sacrifice\Library\PackageCache\com.unity.visualscripting@1.7.8\Editor\VisualScripting.Core\Dependencies\YamlDotNet\Unity.VisualScripting.YamlDotNet.dll
Symbol file LoadedFromMemory doesn't match image C:\Users\Digx7\Desktop\Files\Work\Git_Repos\Mini-Jam-Sacrafice\Mini Jam 110 Sacrifice\Library\PackageCache\com.unity.visualscripting@1.7.8\Editor\VisualScripting.Core\Dependencies\DotNetZip\Unity.VisualScripting.IonicZip.dll
Native extension for UWP target not found
Native extension for WindowsStandalone target not found
Native extension for OSXStandalone target not found
Native extension for WebGL target not found
Refreshing native plugins compatible for Editor in 1.67 ms, found 4 plugins.
Preloading 0 native plugins for Editor in 0.00 ms.
Mono: successfully reloaded assembly
- Completed reload, in  1.549 seconds
Domain Reload Profiling:
	ReloadAssembly (1550ms)
		BeginReloadAssembly (163ms)
			ExecutionOrderSort (0ms)
			DisableScriptedObjects (6ms)
			BackupInstance (0ms)
			ReleaseScriptingObjects (0ms)
			CreateAndSetChildDomain (47ms)
		EndReloadAssembly (1266ms)
			LoadAssemblies (112ms)
			RebuildTransferFunctionScriptingTraits (0ms)
			SetupTypeCache (404ms)
				TypeCache.Initialize (397ms)
					TypeCache.ScanAssembly (389ms)
				ResolveRequiredComponents (7ms)
			ReleaseScriptCaches (2ms)
			RebuildScriptCaches (69ms)
			SetupLoadedEditorAssemblies (592ms)
				LogAssemblyErrors (0ms)
				InitializePlatformSupportModulesInManaged (28ms)
				SetLoadedEditorAssemblies (9ms)
				RefreshPlugins (2ms)
				BeforeProcessingInitializeOnLoad (115ms)
				ProcessInitializeOnLoadAttributes (376ms)
				ProcessInitializeOnLoadMethodAttributes (49ms)
				AfterProcessingInitializeOnLoad (13ms)
				EditorAssembliesLoaded (0ms)
			ExecutionOrderSort2 (0ms)
			AwakeInstancesAfterBackupRestoration (11ms)
Platform modules already initialized, skipping
Refreshing native plugins compatible for Editor in 5.03 ms, found 4 plugins.
Preloading 0 native plugins for Editor in 0.00 ms.
Unloading 4571 Unused Serialized files (Serialized files now loaded: 0)
Unloading 28 unused Assets / (25.4 KB). Loaded Objects now: 5070.
Memory consumption went from 0.70 GB to 0.70 GB.
Total: 5.104200 ms (FindLiveObjects: 0.547200 ms CreateObjectMapping: 0.328000 ms MarkObjects: 4.187300 ms  DeleteObjects: 0.040100 ms)

AssetImportParameters requested are different than current active one (requested -> active):
  custom:video-decoder-ogg-theora: a1e56fd34408186e4bbccfd4996cb3dc -> 
  custom:container-muxer-webm: aa71ff27fc2769a1b78a27578f13a17b -> 
  custom:container-demuxer-webm: 4f35f7cbe854078d1ac9338744f61a02 -> 
  custom:video-encoder-webm-vp8: eb34c28f22e8b96e1ab97ce403110664 -> 
  custom:video-codec-MediaFoundation-h265: 746d11721c4dcdbdad8f713fa42b33f4 -> 
  custom:audio-encoder-webm-vorbis: bf7c407c2cedff20999df2af8eb42d56 -> 
  custom:framework-win-MediaFoundation: 216162199b28c13a410421893ffa2e32 -> 
  custom:container-demuxer-ogg: 62fdf1f143b41e24485cea50d1cbac27 -> 
  custom:video-decoder-webm-vp8: 9c59270c3fd7afecdb556c50c9e8de78 -> 
  custom:audio-decoder-ogg-vorbis: bf7c407c2cedff20999df2af8eb42d56 -> 
========================================================================
Received Import Request.
  Time since last request: 1518.061447 seconds.
  path: Assets/Digx7/Prefab/Debuff
  artifactKey: Guid(e8ff7613c0175ca4c9f83e688cf81290) Importer(815301076,1909f56bfc062723c751e8b465ee728b)
Start importing Assets/Digx7/Prefab/Debuff using Guid(e8ff7613c0175ca4c9f83e688cf81290) Importer(815301076,1909f56bfc062723c751e8b465ee728b)  -> (artifact id: 'e4d48ee8a9e8231684a9f4a6814ed981') in 0.008454 seconds 
========================================================================
Received Import Request.
  Time since last request: 56.021278 seconds.
  path: Assets/Digx7/Prefab/Decrease Health Debuff Variant.prefab
  artifactKey: Guid(cabe9665695b01247acd5c275059c9b3) Importer(815301076,1909f56bfc062723c751e8b465ee728b)
Start importing Assets/Digx7/Prefab/Decrease Health Debuff Variant.prefab using Guid(cabe9665695b01247acd5c275059c9b3) Importer(815301076,1909f56bfc062723c751e8b465ee728b)  -> (artifact id: '7b68b820e555a3d1d8dfd80c12d6500f') in 0.161638 seconds 
========================================================================
Received Import Request.
  Time since last request: 73.994703 seconds.
  path: Assets/Digx7/Prefab/Debuff/Debuff_SpawnInParticles.prefab
  artifactKey: Guid(b558e7411774fe4449f01f4c7088b548) Importer(815301076,1909f56bfc062723c751e8b465ee728b)
Start importing Assets/Digx7/Prefab/Debuff/Debuff_SpawnInParticles.prefab using Guid(b558e7411774fe4449f01f4c7088b548) Importer(815301076,1909f56bfc062723c751e8b465ee728b)  -> (artifact id: 'b0fccf90f32e9783d336b0532285b34c') in 0.116215 seconds 
========================================================================
Received Prepare
Registering precompiled user dll's ...
Registered in 0.010980 seconds.
Begin MonoManager ReloadAssembly
Symbol file LoadedFromMemory doesn't match image C:\Users\Digx7\Desktop\Files\Work\Git_Repos\Mini-Jam-Sacrafice\Mini Jam 110 Sacrifice\Library\PackageCache\com.unity.visualscripting@1.7.8\Editor\VisualScripting.Core\Dependencies\YamlDotNet\Unity.VisualScripting.YamlDotNet.dll
Symbol file LoadedFromMemory doesn't match image C:\Users\Digx7\Desktop\Files\Work\Git_Repos\Mini-Jam-Sacrafice\Mini Jam 110 Sacrifice\Library\PackageCache\com.unity.visualscripting@1.7.8\Editor\VisualScripting.Core\Dependencies\DotNetZip\Unity.VisualScripting.IonicZip.dll
Native extension for UWP target not found
Native extension for WindowsStandalone target not found
Native extension for OSXStandalone target not found
Native extension for WebGL target not found
Refreshing native plugins compatible for Editor in 1.63 ms, found 4 plugins.
Preloading 0 native plugins for Editor in 0.00 ms.
Mono: successfully reloaded assembly
- Completed reload, in  1.618 seconds
Domain Reload Profiling:
	ReloadAssembly (1619ms)
		BeginReloadAssembly (167ms)
			ExecutionOrderSort (0ms)
			DisableScriptedObjects (8ms)
			BackupInstance (0ms)
			ReleaseScriptingObjects (0ms)
			CreateAndSetChildDomain (53ms)
		EndReloadAssembly (1336ms)
			LoadAssemblies (105ms)
			RebuildTransferFunctionScriptingTraits (0ms)
			SetupTypeCache (397ms)
				TypeCache.Initialize (389ms)
					TypeCache.ScanAssembly (380ms)
				ResolveRequiredComponents (7ms)
			ReleaseScriptCaches (3ms)
			RebuildScriptCaches (83ms)
			SetupLoadedEditorAssemblies (624ms)
				LogAssemblyErrors (0ms)
				InitializePlatformSupportModulesInManaged (25ms)
				SetLoadedEditorAssemblies (9ms)
				RefreshPlugins (2ms)
				BeforeProcessingInitializeOnLoad (115ms)
				ProcessInitializeOnLoadAttributes (408ms)
				ProcessInitializeOnLoadMethodAttributes (52ms)
				AfterProcessingInitializeOnLoad (14ms)
				EditorAssembliesLoaded (0ms)
			ExecutionOrderSort2 (0ms)
			AwakeInstancesAfterBackupRestoration (14ms)
Platform modules already initialized, skipping
Refreshing native plugins compatible for Editor in 3.77 ms, found 4 plugins.
Preloading 0 native plugins for Editor in 0.00 ms.
Unloading 4571 Unused Serialized files (Serialized files now loaded: 0)
Unloading 29 unused Assets / (27.2 KB). Loaded Objects now: 5074.
Memory consumption went from 0.70 GB to 0.70 GB.
Total: 4.863300 ms (FindLiveObjects: 0.523100 ms CreateObjectMapping: 0.152800 ms MarkObjects: 4.109300 ms  DeleteObjects: 0.075800 ms)

AssetImportParameters requested are different than current active one (requested -> active):
  custom:video-decoder-ogg-theora: a1e56fd34408186e4bbccfd4996cb3dc -> 
  custom:container-muxer-webm: aa71ff27fc2769a1b78a27578f13a17b -> 
  custom:container-demuxer-webm: 4f35f7cbe854078d1ac9338744f61a02 -> 
  custom:video-encoder-webm-vp8: eb34c28f22e8b96e1ab97ce403110664 -> 
  custom:video-codec-MediaFoundation-h265: 746d11721c4dcdbdad8f713fa42b33f4 -> 
  custom:audio-encoder-webm-vorbis: bf7c407c2cedff20999df2af8eb42d56 -> 
  custom:framework-win-MediaFoundation: 216162199b28c13a410421893ffa2e32 -> 
  custom:container-demuxer-ogg: 62fdf1f143b41e24485cea50d1cbac27 -> 
  custom:video-decoder-webm-vp8: 9c59270c3fd7afecdb556c50c9e8de78 -> 
  custom:audio-decoder-ogg-vorbis: bf7c407c2cedff20999df2af8eb42d56 -> 
========================================================================
Received Prepare
Registering precompiled user dll's ...
Registered in 0.011107 seconds.
Begin MonoManager ReloadAssembly
Symbol file LoadedFromMemory doesn't match image C:\Users\Digx7\Desktop\Files\Work\Git_Repos\Mini-Jam-Sacrafice\Mini Jam 110 Sacrifice\Library\PackageCache\com.unity.visualscripting@1.7.8\Editor\VisualScripting.Core\Dependencies\YamlDotNet\Unity.VisualScripting.YamlDotNet.dll
Symbol file LoadedFromMemory doesn't match image C:\Users\Digx7\Desktop\Files\Work\Git_Repos\Mini-Jam-Sacrafice\Mini Jam 110 Sacrifice\Library\PackageCache\com.unity.visualscripting@1.7.8\Editor\VisualScripting.Core\Dependencies\DotNetZip\Unity.VisualScripting.IonicZip.dll
Native extension for UWP target not found
Native extension for WindowsStandalone target not found
Native extension for OSXStandalone target not found
Native extension for WebGL target not found
Refreshing native plugins compatible for Editor in 0.92 ms, found 4 plugins.
Preloading 0 native plugins for Editor in 0.00 ms.
Mono: successfully reloaded assembly
- Completed reload, in  1.490 seconds
Domain Reload Profiling:
	ReloadAssembly (1491ms)
		BeginReloadAssembly (173ms)
			ExecutionOrderSort (0ms)
			DisableScriptedObjects (6ms)
			BackupInstance (0ms)
			ReleaseScriptingObjects (0ms)
			CreateAndSetChildDomain (41ms)
		EndReloadAssembly (1145ms)
			LoadAssemblies (139ms)
			RebuildTransferFunctionScriptingTraits (0ms)
			SetupTypeCache (357ms)
				TypeCache.Initialize (352ms)
					TypeCache.ScanAssembly (344ms)
				ResolveRequiredComponents (5ms)
			ReleaseScriptCaches (2ms)
			RebuildScriptCaches (62ms)
			SetupLoadedEditorAssemblies (520ms)
				LogAssemblyErrors (0ms)
				InitializePlatformSupportModulesInManaged (24ms)
				SetLoadedEditorAssemblies (8ms)
				RefreshPlugins (1ms)
				BeforeProcessingInitializeOnLoad (99ms)
				ProcessInitializeOnLoadAttributes (334ms)
				ProcessInitializeOnLoadMethodAttributes (42ms)
				AfterProcessingInitializeOnLoad (11ms)
				EditorAssembliesLoaded (0ms)
			ExecutionOrderSort2 (0ms)
			AwakeInstancesAfterBackupRestoration (11ms)
Platform modules already initialized, skipping
Refreshing native plugins compatible for Editor in 3.73 ms, found 4 plugins.
Preloading 0 native plugins for Editor in 0.00 ms.
Unloading 4572 Unused Serialized files (Serialized files now loaded: 0)
Unloading 28 unused Assets / (32.5 KB). Loaded Objects now: 5077.
Memory consumption went from 0.70 GB to 0.70 GB.
Total: 3.820600 ms (FindLiveObjects: 0.468900 ms CreateObjectMapping: 0.211400 ms MarkObjects: 3.086800 ms  DeleteObjects: 0.051900 ms)

AssetImportParameters requested are different than current active one (requested -> active):
  custom:video-decoder-ogg-theora: a1e56fd34408186e4bbccfd4996cb3dc -> 
  custom:container-muxer-webm: aa71ff27fc2769a1b78a27578f13a17b -> 
  custom:container-demuxer-webm: 4f35f7cbe854078d1ac9338744f61a02 -> 
  custom:video-encoder-webm-vp8: eb34c28f22e8b96e1ab97ce403110664 -> 
  custom:video-codec-MediaFoundation-h265: 746d11721c4dcdbdad8f713fa42b33f4 -> 
  custom:audio-encoder-webm-vorbis: bf7c407c2cedff20999df2af8eb42d56 -> 
  custom:framework-win-MediaFoundation: 216162199b28c13a410421893ffa2e32 -> 
  custom:container-demuxer-ogg: 62fdf1f143b41e24485cea50d1cbac27 -> 
  custom:video-decoder-webm-vp8: 9c59270c3fd7afecdb556c50c9e8de78 -> 
  custom:audio-decoder-ogg-vorbis: bf7c407c2cedff20999df2af8eb42d56 -> 
========================================================================
Received Import Request.
  Time since last request: 624.427681 seconds.
  path: Assets/Digx7/Prefab/Debuff/Debuff.prefab
  artifactKey: Guid(ce8cde10aa092ab48bdf2bd03df33afa) Importer(815301076,1909f56bfc062723c751e8b465ee728b)
Start importing Assets/Digx7/Prefab/Debuff/Debuff.prefab using Guid(ce8cde10aa092ab48bdf2bd03df33afa) Importer(815301076,1909f56bfc062723c751e8b465ee728b)  -> (artifact id: '7f63690ca8aad4f30c73834d10a332fc') in 0.128470 seconds 
========================================================================
Received Import Request.
  Time since last request: 5.568544 seconds.
  path: Assets/Digx7/Prefab/Debuff/Decrease Speed Debuff Variant.prefab
  artifactKey: Guid(b2c74ff980d4378438832f89757f2a37) Importer(815301076,1909f56bfc062723c751e8b465ee728b)
Start importing Assets/Digx7/Prefab/Debuff/Decrease Speed Debuff Variant.prefab using Guid(b2c74ff980d4378438832f89757f2a37) Importer(815301076,1909f56bfc062723c751e8b465ee728b)  -> (artifact id: '4b603392d59de417995a5498441b3ecb') in 0.058292 seconds 
========================================================================
Received Import Request.
  Time since last request: 60.074562 seconds.
  path: Assets/Digx7/Prefab/Player.prefab
  artifactKey: Guid(96fbcc8981868aa43a0b939d4eb955ab) Importer(815301076,1909f56bfc062723c751e8b465ee728b)
Start importing Assets/Digx7/Prefab/Player.prefab using Guid(96fbcc8981868aa43a0b939d4eb955ab) Importer(815301076,1909f56bfc062723c751e8b465ee728b)  -> (artifact id: '5391524d161109b8afc49c07da3ac0c2') in 0.043908 seconds 
========================================================================
Received Import Request.
  Time since last request: 0.000037 seconds.
  path: Assets/Digx7/Prefab/Start Block.prefab
  artifactKey: Guid(69d41298baff8f74cbefa0886b68ea7e) Importer(815301076,1909f56bfc062723c751e8b465ee728b)
Start importing Assets/Digx7/Prefab/Start Block.prefab using Guid(69d41298baff8f74cbefa0886b68ea7e) Importer(815301076,1909f56bfc062723c751e8b465ee728b)  -> (artifact id: '0c2516523d9060ebbc47d21f870f179b') in 0.057711 seconds 
========================================================================
Received Import Request.
  Time since last request: 1.967569 seconds.
  path: Assets/Digx7/Prefab/Debuff/Change Pattern Debuff Variant.prefab
  artifactKey: Guid(c106199509c8fe044a1e00ca8dd1f46a) Importer(815301076,1909f56bfc062723c751e8b465ee728b)
Start importing Assets/Digx7/Prefab/Debuff/Change Pattern Debuff Variant.prefab using Guid(c106199509c8fe044a1e00ca8dd1f46a) Importer(815301076,1909f56bfc062723c751e8b465ee728b)  -> (artifact id: '5cc04434ef888076a35824cd39fce313') in 0.163292 seconds 
========================================================================
Received Import Request.
  Time since last request: 0.000044 seconds.
  path: Assets/Digx7/Prefab/Debuff/Decrease Health Debuff Variant.prefab
  artifactKey: Guid(cabe9665695b01247acd5c275059c9b3) Importer(815301076,1909f56bfc062723c751e8b465ee728b)
Start importing Assets/Digx7/Prefab/Debuff/Decrease Health Debuff Variant.prefab using Guid(cabe9665695b01247acd5c275059c9b3) Importer(815301076,1909f56bfc062723c751e8b465ee728b)  -> (artifact id: '1714b44c02064fcaf7fbf2c104084d8d') in 0.088207 seconds 
========================================================================
Received Import Request.
  Time since last request: 0.000043 seconds.
  path: Assets/Digx7/Prefab/Debuff/Increase Fire Rate Debuff Variant.prefab
  artifactKey: Guid(fd6a4206cd9b9f643b374b285135ac95) Importer(815301076,1909f56bfc062723c751e8b465ee728b)
Start importing Assets/Digx7/Prefab/Debuff/Increase Fire Rate Debuff Variant.prefab using Guid(fd6a4206cd9b9f643b374b285135ac95) Importer(815301076,1909f56bfc062723c751e8b465ee728b)  -> (artifact id: '40d66ae3007597df015ce66e4278052b') in 0.071752 seconds 
========================================================================
Received Import Request.
  Time since last request: 0.000057 seconds.
  path: Assets/Digx7/Prefab/Debuff/Decrease Speed Debuff Variant.prefab
  artifactKey: Guid(b2c74ff980d4378438832f89757f2a37) Importer(815301076,1909f56bfc062723c751e8b465ee728b)
Start importing Assets/Digx7/Prefab/Debuff/Decrease Speed Debuff Variant.prefab using Guid(b2c74ff980d4378438832f89757f2a37) Importer(815301076,1909f56bfc062723c751e8b465ee728b)  -> (artifact id: 'b7c17492268c69b0aa91c75a91b46a1c') in 0.062552 seconds 
========================================================================
Received Import Request.
  Time since last request: 0.000035 seconds.
  path: Assets/Digx7/Prefab/Debuff/DebuffSpawner.prefab
  artifactKey: Guid(a675732db43b44244924d0aef617d757) Importer(815301076,1909f56bfc062723c751e8b465ee728b)
Start importing Assets/Digx7/Prefab/Debuff/DebuffSpawner.prefab using Guid(a675732db43b44244924d0aef617d757) Importer(815301076,1909f56bfc062723c751e8b465ee728b)  -> (artifact id: '49b4857970e971cd817409c9c6dc543a') in 0.062658 seconds 
Editor requested this worker to shutdown with reason: Scaling down because of idle timeout
AssetImportWorker is now disconnected from the server
Process exiting
Exiting without the bug reporter. Application will terminate with return code 0