Using pre-set license
Built from '2022.1/staging' branch; Version is '2022.1.7f1 (240f4c1f462c) revision 2363212'; Using compiler version '192829333'; Build Type 'Release'
OS: 'Windows 10  (10.0.19044) 64bit Core' Language: 'en' Physical Memory: 15789 MB
BatchMode: 1, IsHumanControllingUs: 0, StartBugReporterOnCrash: 0, Is64bit: 1, IsPro: 1

COMMAND LINE ARGUMENTS:
C:\Program Files\Unity\Hub\Editor\2022.1.7f1\Editor\Unity.exe
-adb2
-batchMode
-noUpm
-name
AssetImportWorker5
-projectPath
C:/Users/Digx7/Desktop/Files/Work/Git_Repos/Mini-Jam-Sacrafice/Mini Jam 110 Sacrifice
-logFile
Logs/AssetImportWorker5.log
-srvPort
63267
Successfully changed project path to: C:/Users/Digx7/Desktop/Files/Work/Git_Repos/Mini-Jam-Sacrafice/Mini Jam 110 Sacrifice
C:/Users/Digx7/Desktop/Files/Work/Git_Repos/Mini-Jam-Sacrafice/Mini Jam 110 Sacrifice
[UnityMemory] Configuration Parameters - Can be set up in boot.config
    "memorysetup-bucket-allocator-granularity=16"
    "memorysetup-bucket-allocator-bucket-count=8"
    "memorysetup-bucket-allocator-block-size=33554432"
    "memorysetup-bucket-allocator-block-count=8"
    "memorysetup-main-allocator-block-size=16777216"
    "memorysetup-thread-allocator-block-size=16777216"
    "memorysetup-gfx-main-allocator-block-size=16777216"
    "memorysetup-gfx-thread-allocator-block-size=16777216"
    "memorysetup-cache-allocator-block-size=4194304"
    "memorysetup-typetree-allocator-block-size=2097152"
    "memorysetup-profiler-bucket-allocator-granularity=16"
    "memorysetup-profiler-bucket-allocator-bucket-count=8"
    "memorysetup-profiler-bucket-allocator-block-size=33554432"
    "memorysetup-profiler-bucket-allocator-block-count=8"
    "memorysetup-profiler-allocator-block-size=16777216"
    "memorysetup-profiler-editor-allocator-block-size=1048576"
    "memorysetup-temp-allocator-size-main=16777216"
    "memorysetup-job-temp-allocator-block-size=2097152"
    "memorysetup-job-temp-allocator-block-size-background=1048576"
    "memorysetup-job-temp-allocator-reduction-small-platforms=262144"
    "memorysetup-temp-allocator-size-background-worker=32768"
    "memorysetup-temp-allocator-size-job-worker=262144"
    "memorysetup-temp-allocator-size-preload-manager=33554432"
    "memorysetup-temp-allocator-size-nav-mesh-worker=65536"
    "memorysetup-temp-allocator-size-audio-worker=65536"
    "memorysetup-temp-allocator-size-cloud-worker=32768"
    "memorysetup-temp-allocator-size-gi-baking-worker=262144"
    "memorysetup-temp-allocator-size-gfx=262144"
Refreshing native plugins compatible for Editor in 149.03 ms, found 4 plugins.
Preloading 0 native plugins for Editor in 0.00 ms.
Initialize engine version: 2022.1.7f1 (240f4c1f462c)
[Subsystems] Discovering subsystems at path C:/Program Files/Unity/Hub/Editor/2022.1.7f1/Editor/Data/Resources/UnitySubsystems
[Subsystems] Discovering subsystems at path C:/Users/Digx7/Desktop/Files/Work/Git_Repos/Mini-Jam-Sacrafice/Mini Jam 110 Sacrifice/Assets
GfxDevice: creating device client; threaded=0; jobified=0
Direct3D:
    Version:  Direct3D 11.0 [level 11.1]
    Renderer: NVIDIA GeForce RTX 2060 with Max-Q Design (ID=0x1f12)
    Vendor:   NVIDIA
    VRAM:     5980 MB
    Driver:   30.0.15.1278
Initialize mono
Mono path[0] = 'C:/Program Files/Unity/Hub/Editor/2022.1.7f1/Editor/Data/Managed'
Mono path[1] = 'C:/Program Files/Unity/Hub/Editor/2022.1.7f1/Editor/Data/MonoBleedingEdge/lib/mono/unityjit-win32'
Mono config path = 'C:/Program Files/Unity/Hub/Editor/2022.1.7f1/Editor/Data/MonoBleedingEdge/etc'
Using monoOptions --debugger-agent=transport=dt_socket,embedding=1,server=y,suspend=n,address=127.0.0.1:56964
Begin MonoManager ReloadAssembly
Registering precompiled unity dll's ...
Register platform support module: C:/Program Files/Unity/Hub/Editor/2022.1.7f1/Editor/Data/PlaybackEngines/WebGLSupport/UnityEditor.WebGL.Extensions.dll
Register platform support module: C:/Program Files/Unity/Hub/Editor/2022.1.7f1/Editor/Data/PlaybackEngines/MacStandaloneSupport/UnityEditor.OSXStandalone.Extensions.dll
Register platform support module: C:/Program Files/Unity/Hub/Editor/2022.1.7f1/Editor/Data/PlaybackEngines/WindowsStandaloneSupport/UnityEditor.WindowsStandalone.Extensions.dll
Register platform support module: C:/Program Files/Unity/Hub/Editor/2022.1.7f1/Editor/Data/PlaybackEngines/MetroSupport/UnityEditor.UWP.Extensions.dll
Registered in 0.012765 seconds.
Native extension for UWP target not found
Native extension for WindowsStandalone target not found
Native extension for OSXStandalone target not found
Native extension for WebGL target not found
Refreshing native plugins compatible for Editor in 105.94 ms, found 4 plugins.
Preloading 0 native plugins for Editor in 0.00 ms.
Mono: successfully reloaded assembly
- Completed reload, in  0.740 seconds
Domain Reload Profiling:
	ReloadAssembly (740ms)
		BeginReloadAssembly (82ms)
			ExecutionOrderSort (0ms)
			DisableScriptedObjects (0ms)
			BackupInstance (0ms)
			ReleaseScriptingObjects (0ms)
			CreateAndSetChildDomain (1ms)
		EndReloadAssembly (538ms)
			LoadAssemblies (79ms)
			RebuildTransferFunctionScriptingTraits (0ms)
			SetupTypeCache (133ms)
				TypeCache.Initialize (132ms)
					TypeCache.ScanAssembly (131ms)
				ResolveRequiredComponents (0ms)
			ReleaseScriptCaches (0ms)
			RebuildScriptCaches (28ms)
			SetupLoadedEditorAssemblies (318ms)
				LogAssemblyErrors (0ms)
				InitializePlatformSupportModulesInManaged (14ms)
				SetLoadedEditorAssemblies (7ms)
				RefreshPlugins (106ms)
				BeforeProcessingInitializeOnLoad (1ms)
				ProcessInitializeOnLoadAttributes (141ms)
				ProcessInitializeOnLoadMethodAttributes (48ms)
				AfterProcessingInitializeOnLoad (0ms)
				EditorAssembliesLoaded (0ms)
			ExecutionOrderSort2 (0ms)
			AwakeInstancesAfterBackupRestoration (0ms)
Platform modules already initialized, skipping
Registering precompiled user dll's ...
Registered in 0.010071 seconds.
Begin MonoManager ReloadAssembly
Symbol file LoadedFromMemory doesn't match image C:\Users\Digx7\Desktop\Files\Work\Git_Repos\Mini-Jam-Sacrafice\Mini Jam 110 Sacrifice\Library\PackageCache\com.unity.visualscripting@1.7.8\Editor\VisualScripting.Core\Dependencies\YamlDotNet\Unity.VisualScripting.YamlDotNet.dll
Symbol file LoadedFromMemory doesn't match image C:\Users\Digx7\Desktop\Files\Work\Git_Repos\Mini-Jam-Sacrafice\Mini Jam 110 Sacrifice\Library\PackageCache\com.unity.visualscripting@1.7.8\Editor\VisualScripting.Core\Dependencies\DotNetZip\Unity.VisualScripting.IonicZip.dll
Native extension for UWP target not found
Native extension for WindowsStandalone target not found
Native extension for OSXStandalone target not found
Native extension for WebGL target not found
Refreshing native plugins compatible for Editor in 110.98 ms, found 4 plugins.
Preloading 0 native plugins for Editor in 0.00 ms.
Mono: successfully reloaded assembly
- Completed reload, in  1.481 seconds
Domain Reload Profiling:
	ReloadAssembly (1482ms)
		BeginReloadAssembly (124ms)
			ExecutionOrderSort (0ms)
			DisableScriptedObjects (5ms)
			BackupInstance (0ms)
			ReleaseScriptingObjects (0ms)
			CreateAndSetChildDomain (25ms)
		EndReloadAssembly (1209ms)
			LoadAssemblies (94ms)
			RebuildTransferFunctionScriptingTraits (0ms)
			SetupTypeCache (334ms)
				TypeCache.Initialize (329ms)
					TypeCache.ScanAssembly (323ms)
				ResolveRequiredComponents (5ms)
			ReleaseScriptCaches (1ms)
			RebuildScriptCaches (72ms)
			SetupLoadedEditorAssemblies (642ms)
				LogAssemblyErrors (0ms)
				InitializePlatformSupportModulesInManaged (12ms)
				SetLoadedEditorAssemblies (6ms)
				RefreshPlugins (111ms)
				BeforeProcessingInitializeOnLoad (120ms)
				ProcessInitializeOnLoadAttributes (336ms)
				ProcessInitializeOnLoadMethodAttributes (47ms)
				AfterProcessingInitializeOnLoad (9ms)
				EditorAssembliesLoaded (0ms)
			ExecutionOrderSort2 (0ms)
			AwakeInstancesAfterBackupRestoration (6ms)
Platform modules already initialized, skipping
========================================================================
Worker process is ready to serve import requests
Launched and connected shader compiler UnityShaderCompiler.exe after 0.07 seconds
Refreshing native plugins compatible for Editor in 0.80 ms, found 4 plugins.
Preloading 0 native plugins for Editor in 0.00 ms.
Unloading 4596 Unused Serialized files (Serialized files now loaded: 0)
Unloading 43 unused Assets / (57.8 KB). Loaded Objects now: 5057.
Memory consumption went from 0.70 GB to 0.70 GB.
Total: 3.812900 ms (FindLiveObjects: 0.399000 ms CreateObjectMapping: 0.128900 ms MarkObjects: 3.167600 ms  DeleteObjects: 0.115800 ms)

AssetImportParameters requested are different than current active one (requested -> active):
  custom:video-decoder-ogg-theora: a1e56fd34408186e4bbccfd4996cb3dc -> 
  custom:container-muxer-webm: aa71ff27fc2769a1b78a27578f13a17b -> 
  custom:container-demuxer-webm: 4f35f7cbe854078d1ac9338744f61a02 -> 
  custom:video-encoder-webm-vp8: eb34c28f22e8b96e1ab97ce403110664 -> 
  custom:video-codec-MediaFoundation-h265: 746d11721c4dcdbdad8f713fa42b33f4 -> 
  custom:audio-encoder-webm-vorbis: bf7c407c2cedff20999df2af8eb42d56 -> 
  custom:framework-win-MediaFoundation: 216162199b28c13a410421893ffa2e32 -> 
  custom:container-demuxer-ogg: 62fdf1f143b41e24485cea50d1cbac27 -> 
  custom:video-decoder-webm-vp8: 9c59270c3fd7afecdb556c50c9e8de78 -> 
  custom:audio-decoder-ogg-vorbis: bf7c407c2cedff20999df2af8eb42d56 -> 
========================================================================
Received Import Request.
  Time since last request: 259498.453202 seconds.
  path: Assets/Digx7/Prefab/Debuff/Decrease Health Debuff Variant.prefab
  artifactKey: Guid(cabe9665695b01247acd5c275059c9b3) Importer(815301076,1909f56bfc062723c751e8b465ee728b)
Start importing Assets/Digx7/Prefab/Debuff/Decrease Health Debuff Variant.prefab using Guid(cabe9665695b01247acd5c275059c9b3) Importer(815301076,1909f56bfc062723c751e8b465ee728b)  -> (artifact id: 'b0895de489f60b0dfa537f1760480b52') in 0.343868 seconds 
========================================================================
Received Import Request.
  Time since last request: 8.735335 seconds.
  path: Assets/Digx7/Prefab/Debuff/Decrease Health Debuff Variant.prefab
  artifactKey: Guid(cabe9665695b01247acd5c275059c9b3) Importer(815301076,1909f56bfc062723c751e8b465ee728b)
Start importing Assets/Digx7/Prefab/Debuff/Decrease Health Debuff Variant.prefab using Guid(cabe9665695b01247acd5c275059c9b3) Importer(815301076,1909f56bfc062723c751e8b465ee728b)  -> (artifact id: '4250de2b98202d134a2b10056144b9de') in 0.097171 seconds 
========================================================================
Received Import Request.
  Time since last request: 0.000031 seconds.
  path: Assets/Digx7/Prefab/Debuff/Decrease Speed Debuff Variant.prefab
  artifactKey: Guid(b2c74ff980d4378438832f89757f2a37) Importer(815301076,1909f56bfc062723c751e8b465ee728b)
Start importing Assets/Digx7/Prefab/Debuff/Decrease Speed Debuff Variant.prefab using Guid(b2c74ff980d4378438832f89757f2a37) Importer(815301076,1909f56bfc062723c751e8b465ee728b)  -> (artifact id: '4a8ce6a2e4e740d6511eff98b8eeb78a') in 0.060635 seconds 
========================================================================
Received Import Request.
  Time since last request: 24.485698 seconds.
  path: Assets/Digx7/Prefab/Debuff/Decrease Health Debuff Variant.prefab
  artifactKey: Guid(cabe9665695b01247acd5c275059c9b3) Importer(815301076,1909f56bfc062723c751e8b465ee728b)
Start importing Assets/Digx7/Prefab/Debuff/Decrease Health Debuff Variant.prefab using Guid(cabe9665695b01247acd5c275059c9b3) Importer(815301076,1909f56bfc062723c751e8b465ee728b)  -> (artifact id: 'ea204a30e994a7588c201cc3571dc12a') in 0.127866 seconds 
========================================================================
Received Import Request.
  Time since last request: 0.000032 seconds.
  path: Assets/Digx7/Prefab/Debuff/Decrease Speed Debuff Variant.prefab
  artifactKey: Guid(b2c74ff980d4378438832f89757f2a37) Importer(815301076,1909f56bfc062723c751e8b465ee728b)
Start importing Assets/Digx7/Prefab/Debuff/Decrease Speed Debuff Variant.prefab using Guid(b2c74ff980d4378438832f89757f2a37) Importer(815301076,1909f56bfc062723c751e8b465ee728b)  -> (artifact id: '2e92848bcb0f7dc0eada0082cf5e60d9') in 0.071362 seconds 
========================================================================
Received Import Request.
  Time since last request: 13.552381 seconds.
  path: Assets/Digx7/Prefab/Debuff/Decrease Health Debuff Variant.prefab
  artifactKey: Guid(cabe9665695b01247acd5c275059c9b3) Importer(815301076,1909f56bfc062723c751e8b465ee728b)
Start importing Assets/Digx7/Prefab/Debuff/Decrease Health Debuff Variant.prefab using Guid(cabe9665695b01247acd5c275059c9b3) Importer(815301076,1909f56bfc062723c751e8b465ee728b)  -> (artifact id: 'b69984dd035e4f44daaf78c8824094a1') in 0.119450 seconds 
========================================================================
Received Import Request.
  Time since last request: 0.000035 seconds.
  path: Assets/Digx7/Prefab/Debuff/Reduce Bullet Speed Debuff Variant.prefab
  artifactKey: Guid(3aba3efb5fba4a5448a6657b59ac52e5) Importer(815301076,1909f56bfc062723c751e8b465ee728b)
Start importing Assets/Digx7/Prefab/Debuff/Reduce Bullet Speed Debuff Variant.prefab using Guid(3aba3efb5fba4a5448a6657b59ac52e5) Importer(815301076,1909f56bfc062723c751e8b465ee728b)  -> (artifact id: '8d610609243681ece53cf76227f7622d') in 0.093678 seconds 
========================================================================
Received Import Request.
  Time since last request: 28.139598 seconds.
  path: Assets/Digx7/Prefab/Debuff/Decrease Health Debuff Variant.prefab
  artifactKey: Guid(cabe9665695b01247acd5c275059c9b3) Importer(815301076,1909f56bfc062723c751e8b465ee728b)
Start importing Assets/Digx7/Prefab/Debuff/Decrease Health Debuff Variant.prefab using Guid(cabe9665695b01247acd5c275059c9b3) Importer(815301076,1909f56bfc062723c751e8b465ee728b)  -> (artifact id: 'bc357e1c6dc55e3269a1b1d0e7b5bf6b') in 0.123537 seconds 
========================================================================
Received Import Request.
  Time since last request: 0.000032 seconds.
  path: Assets/Digx7/Prefab/Debuff/Reduce Bullet Speed Debuff Variant.prefab
  artifactKey: Guid(3aba3efb5fba4a5448a6657b59ac52e5) Importer(815301076,1909f56bfc062723c751e8b465ee728b)
Start importing Assets/Digx7/Prefab/Debuff/Reduce Bullet Speed Debuff Variant.prefab using Guid(3aba3efb5fba4a5448a6657b59ac52e5) Importer(815301076,1909f56bfc062723c751e8b465ee728b)  -> (artifact id: '2fc52945005d1dd0bfee39a2de8010f7') in 0.073469 seconds 
========================================================================
Received Import Request.
  Time since last request: 6.553691 seconds.
  path: Assets/Digx7/Prefab/Debuff/Decrease Health Debuff Variant.prefab
  artifactKey: Guid(cabe9665695b01247acd5c275059c9b3) Importer(815301076,1909f56bfc062723c751e8b465ee728b)
Start importing Assets/Digx7/Prefab/Debuff/Decrease Health Debuff Variant.prefab using Guid(cabe9665695b01247acd5c275059c9b3) Importer(815301076,1909f56bfc062723c751e8b465ee728b)  -> (artifact id: 'fbe3c723bc69a30045c42fcba886600f') in 0.092884 seconds 
========================================================================
Received Import Request.
  Time since last request: 0.000039 seconds.
  path: Assets/Digx7/Prefab/Debuff/Decrease Speed Debuff Variant.prefab
  artifactKey: Guid(b2c74ff980d4378438832f89757f2a37) Importer(815301076,1909f56bfc062723c751e8b465ee728b)
Start importing Assets/Digx7/Prefab/Debuff/Decrease Speed Debuff Variant.prefab using Guid(b2c74ff980d4378438832f89757f2a37) Importer(815301076,1909f56bfc062723c751e8b465ee728b)  -> (artifact id: 'c4cd53dee158ffb20b92992a1b89c216') in 0.085658 seconds 
========================================================================
Received Import Request.
  Time since last request: 3.632086 seconds.
  path: Assets/Digx7/Prefab/Debuff/Decrease Health Debuff Variant.prefab
  artifactKey: Guid(cabe9665695b01247acd5c275059c9b3) Importer(815301076,1909f56bfc062723c751e8b465ee728b)
Start importing Assets/Digx7/Prefab/Debuff/Decrease Health Debuff Variant.prefab using Guid(cabe9665695b01247acd5c275059c9b3) Importer(815301076,1909f56bfc062723c751e8b465ee728b)  -> (artifact id: 'f9512edde0e8e5d4a00810dbc9ae0130') in 0.094076 seconds 
========================================================================
Received Import Request.
  Time since last request: 0.000043 seconds.
  path: Assets/Digx7/Prefab/Debuff/Increase Fire Rate Debuff Variant.prefab
  artifactKey: Guid(fd6a4206cd9b9f643b374b285135ac95) Importer(815301076,1909f56bfc062723c751e8b465ee728b)
Start importing Assets/Digx7/Prefab/Debuff/Increase Fire Rate Debuff Variant.prefab using Guid(fd6a4206cd9b9f643b374b285135ac95) Importer(815301076,1909f56bfc062723c751e8b465ee728b)  -> (artifact id: 'b02b228e281371ddaab016fa85db3889') in 0.098625 seconds 
========================================================================
Received Import Request.
  Time since last request: 4.522190 seconds.
  path: Assets/Digx7/Prefab/Debuff/Decrease Health Debuff Variant.prefab
  artifactKey: Guid(cabe9665695b01247acd5c275059c9b3) Importer(815301076,1909f56bfc062723c751e8b465ee728b)
Start importing Assets/Digx7/Prefab/Debuff/Decrease Health Debuff Variant.prefab using Guid(cabe9665695b01247acd5c275059c9b3) Importer(815301076,1909f56bfc062723c751e8b465ee728b)  -> (artifact id: '1d0c0fda67d462ecc0d4d8fa7d7462bc') in 0.070570 seconds 
========================================================================
Received Import Request.
  Time since last request: 0.000040 seconds.
  path: Assets/Digx7/Prefab/Debuff/Decrease Speed Debuff Variant.prefab
  artifactKey: Guid(b2c74ff980d4378438832f89757f2a37) Importer(815301076,1909f56bfc062723c751e8b465ee728b)
Start importing Assets/Digx7/Prefab/Debuff/Decrease Speed Debuff Variant.prefab using Guid(b2c74ff980d4378438832f89757f2a37) Importer(815301076,1909f56bfc062723c751e8b465ee728b)  -> (artifact id: 'd5a4b92f2907c4fb543d493a1a3fac60') in 0.055705 seconds 
========================================================================
Received Import Request.
  Time since last request: 4.679559 seconds.
  path: Assets/Digx7/Prefab/Debuff/Decrease Health Debuff Variant.prefab
  artifactKey: Guid(cabe9665695b01247acd5c275059c9b3) Importer(815301076,1909f56bfc062723c751e8b465ee728b)
Start importing Assets/Digx7/Prefab/Debuff/Decrease Health Debuff Variant.prefab using Guid(cabe9665695b01247acd5c275059c9b3) Importer(815301076,1909f56bfc062723c751e8b465ee728b)  -> (artifact id: 'c31fdeba2e65c16c092c07f9e09518b9') in 0.098783 seconds 
========================================================================
Received Import Request.
  Time since last request: 0.000032 seconds.
  path: Assets/Digx7/Prefab/Debuff/Reduce Bullet Speed Debuff Variant.prefab
  artifactKey: Guid(3aba3efb5fba4a5448a6657b59ac52e5) Importer(815301076,1909f56bfc062723c751e8b465ee728b)
Start importing Assets/Digx7/Prefab/Debuff/Reduce Bullet Speed Debuff Variant.prefab using Guid(3aba3efb5fba4a5448a6657b59ac52e5) Importer(815301076,1909f56bfc062723c751e8b465ee728b)  -> (artifact id: '6df2a7c44128d1dc749a2e13b85ed543') in 0.114013 seconds 
========================================================================
Received Import Request.
  Time since last request: 36.196418 seconds.
  path: Assets/Digx7/Prefab/Debuff/Decrease Health Debuff Variant.prefab
  artifactKey: Guid(cabe9665695b01247acd5c275059c9b3) Importer(815301076,1909f56bfc062723c751e8b465ee728b)
Start importing Assets/Digx7/Prefab/Debuff/Decrease Health Debuff Variant.prefab using Guid(cabe9665695b01247acd5c275059c9b3) Importer(815301076,1909f56bfc062723c751e8b465ee728b)  -> (artifact id: '56445b2399f9ad2b5640fd088db5984d') in 0.099205 seconds 
========================================================================
Received Import Request.
  Time since last request: 0.000033 seconds.
  path: Assets/Digx7/Prefab/Debuff/Increase Fire Rate Debuff Variant.prefab
  artifactKey: Guid(fd6a4206cd9b9f643b374b285135ac95) Importer(815301076,1909f56bfc062723c751e8b465ee728b)
Start importing Assets/Digx7/Prefab/Debuff/Increase Fire Rate Debuff Variant.prefab using Guid(fd6a4206cd9b9f643b374b285135ac95) Importer(815301076,1909f56bfc062723c751e8b465ee728b)  -> (artifact id: '635bd5846073f256d8320c4df4875644') in 0.096013 seconds 
Editor requested this worker to shutdown with reason: Scaling down because of idle timeout
AssetImportWorker is now disconnected from the server
Process exiting
Exiting without the bug reporter. Application will terminate with return code 0