Using pre-set license
Built from '2022.1/staging' branch; Version is '2022.1.7f1 (240f4c1f462c) revision 2363212'; Using compiler version '192829333'; Build Type 'Release'
OS: 'Windows 10  (10.0.19044) 64bit Core' Language: 'en' Physical Memory: 15789 MB
BatchMode: 1, IsHumanControllingUs: 0, StartBugReporterOnCrash: 0, Is64bit: 1, IsPro: 1

COMMAND LINE ARGUMENTS:
C:\Program Files\Unity\Hub\Editor\2022.1.7f1\Editor\Unity.exe
-adb2
-batchMode
-noUpm
-name
AssetImportWorker4
-projectPath
C:/Users/Digx7/Desktop/Files/Work/Git_Repos/Mini-Jam-Sacrafice/Mini Jam 110 Sacrifice
-logFile
Logs/AssetImportWorker4.log
-srvPort
63267
Successfully changed project path to: C:/Users/Digx7/Desktop/Files/Work/Git_Repos/Mini-Jam-Sacrafice/Mini Jam 110 Sacrifice
C:/Users/Digx7/Desktop/Files/Work/Git_Repos/Mini-Jam-Sacrafice/Mini Jam 110 Sacrifice
[UnityMemory] Configuration Parameters - Can be set up in boot.config
    "memorysetup-bucket-allocator-granularity=16"
    "memorysetup-bucket-allocator-bucket-count=8"
    "memorysetup-bucket-allocator-block-size=33554432"
    "memorysetup-bucket-allocator-block-count=8"
    "memorysetup-main-allocator-block-size=16777216"
    "memorysetup-thread-allocator-block-size=16777216"
    "memorysetup-gfx-main-allocator-block-size=16777216"
    "memorysetup-gfx-thread-allocator-block-size=16777216"
    "memorysetup-cache-allocator-block-size=4194304"
    "memorysetup-typetree-allocator-block-size=2097152"
    "memorysetup-profiler-bucket-allocator-granularity=16"
    "memorysetup-profiler-bucket-allocator-bucket-count=8"
    "memorysetup-profiler-bucket-allocator-block-size=33554432"
    "memorysetup-profiler-bucket-allocator-block-count=8"
    "memorysetup-profiler-allocator-block-size=16777216"
    "memorysetup-profiler-editor-allocator-block-size=1048576"
    "memorysetup-temp-allocator-size-main=16777216"
    "memorysetup-job-temp-allocator-block-size=2097152"
    "memorysetup-job-temp-allocator-block-size-background=1048576"
    "memorysetup-job-temp-allocator-reduction-small-platforms=262144"
    "memorysetup-temp-allocator-size-background-worker=32768"
    "memorysetup-temp-allocator-size-job-worker=262144"
    "memorysetup-temp-allocator-size-preload-manager=33554432"
    "memorysetup-temp-allocator-size-nav-mesh-worker=65536"
    "memorysetup-temp-allocator-size-audio-worker=65536"
    "memorysetup-temp-allocator-size-cloud-worker=32768"
    "memorysetup-temp-allocator-size-gi-baking-worker=262144"
    "memorysetup-temp-allocator-size-gfx=262144"
Refreshing native plugins compatible for Editor in 147.16 ms, found 4 plugins.
Preloading 0 native plugins for Editor in 0.00 ms.
Initialize engine version: 2022.1.7f1 (240f4c1f462c)
[Subsystems] Discovering subsystems at path C:/Program Files/Unity/Hub/Editor/2022.1.7f1/Editor/Data/Resources/UnitySubsystems
[Subsystems] Discovering subsystems at path C:/Users/Digx7/Desktop/Files/Work/Git_Repos/Mini-Jam-Sacrafice/Mini Jam 110 Sacrifice/Assets
GfxDevice: creating device client; threaded=0; jobified=0
Direct3D:
    Version:  Direct3D 11.0 [level 11.1]
    Renderer: NVIDIA GeForce RTX 2060 with Max-Q Design (ID=0x1f12)
    Vendor:   NVIDIA
    VRAM:     5980 MB
    Driver:   30.0.15.1278
Initialize mono
Mono path[0] = 'C:/Program Files/Unity/Hub/Editor/2022.1.7f1/Editor/Data/Managed'
Mono path[1] = 'C:/Program Files/Unity/Hub/Editor/2022.1.7f1/Editor/Data/MonoBleedingEdge/lib/mono/unityjit-win32'
Mono config path = 'C:/Program Files/Unity/Hub/Editor/2022.1.7f1/Editor/Data/MonoBleedingEdge/etc'
Using monoOptions --debugger-agent=transport=dt_socket,embedding=1,server=y,suspend=n,address=127.0.0.1:56336
Begin MonoManager ReloadAssembly
Registering precompiled unity dll's ...
Register platform support module: C:/Program Files/Unity/Hub/Editor/2022.1.7f1/Editor/Data/PlaybackEngines/WebGLSupport/UnityEditor.WebGL.Extensions.dll
Register platform support module: C:/Program Files/Unity/Hub/Editor/2022.1.7f1/Editor/Data/PlaybackEngines/MacStandaloneSupport/UnityEditor.OSXStandalone.Extensions.dll
Register platform support module: C:/Program Files/Unity/Hub/Editor/2022.1.7f1/Editor/Data/PlaybackEngines/WindowsStandaloneSupport/UnityEditor.WindowsStandalone.Extensions.dll
Register platform support module: C:/Program Files/Unity/Hub/Editor/2022.1.7f1/Editor/Data/PlaybackEngines/MetroSupport/UnityEditor.UWP.Extensions.dll
Registered in 0.012096 seconds.
Native extension for UWP target not found
Native extension for WindowsStandalone target not found
Native extension for OSXStandalone target not found
Native extension for WebGL target not found
Refreshing native plugins compatible for Editor in 108.08 ms, found 4 plugins.
Preloading 0 native plugins for Editor in 0.00 ms.
Mono: successfully reloaded assembly
- Completed reload, in  0.735 seconds
Domain Reload Profiling:
	ReloadAssembly (736ms)
		BeginReloadAssembly (86ms)
			ExecutionOrderSort (0ms)
			DisableScriptedObjects (0ms)
			BackupInstance (0ms)
			ReleaseScriptingObjects (0ms)
			CreateAndSetChildDomain (1ms)
		EndReloadAssembly (530ms)
			LoadAssemblies (84ms)
			RebuildTransferFunctionScriptingTraits (0ms)
			SetupTypeCache (128ms)
				TypeCache.Initialize (127ms)
					TypeCache.ScanAssembly (126ms)
				ResolveRequiredComponents (1ms)
			ReleaseScriptCaches (0ms)
			RebuildScriptCaches (28ms)
			SetupLoadedEditorAssemblies (317ms)
				LogAssemblyErrors (0ms)
				InitializePlatformSupportModulesInManaged (15ms)
				SetLoadedEditorAssemblies (7ms)
				RefreshPlugins (108ms)
				BeforeProcessingInitializeOnLoad (1ms)
				ProcessInitializeOnLoadAttributes (139ms)
				ProcessInitializeOnLoadMethodAttributes (48ms)
				AfterProcessingInitializeOnLoad (0ms)
				EditorAssembliesLoaded (0ms)
			ExecutionOrderSort2 (0ms)
			AwakeInstancesAfterBackupRestoration (0ms)
Platform modules already initialized, skipping
Registering precompiled user dll's ...
Registered in 0.009657 seconds.
Begin MonoManager ReloadAssembly
Symbol file LoadedFromMemory doesn't match image C:\Users\Digx7\Desktop\Files\Work\Git_Repos\Mini-Jam-Sacrafice\Mini Jam 110 Sacrifice\Library\PackageCache\com.unity.visualscripting@1.7.8\Editor\VisualScripting.Core\Dependencies\YamlDotNet\Unity.VisualScripting.YamlDotNet.dll
Symbol file LoadedFromMemory doesn't match image C:\Users\Digx7\Desktop\Files\Work\Git_Repos\Mini-Jam-Sacrafice\Mini Jam 110 Sacrifice\Library\PackageCache\com.unity.visualscripting@1.7.8\Editor\VisualScripting.Core\Dependencies\DotNetZip\Unity.VisualScripting.IonicZip.dll
Native extension for UWP target not found
Native extension for WindowsStandalone target not found
Native extension for OSXStandalone target not found
Native extension for WebGL target not found
Refreshing native plugins compatible for Editor in 116.21 ms, found 4 plugins.
Preloading 0 native plugins for Editor in 0.00 ms.
Mono: successfully reloaded assembly
- Completed reload, in  1.483 seconds
Domain Reload Profiling:
	ReloadAssembly (1484ms)
		BeginReloadAssembly (122ms)
			ExecutionOrderSort (0ms)
			DisableScriptedObjects (6ms)
			BackupInstance (0ms)
			ReleaseScriptingObjects (0ms)
			CreateAndSetChildDomain (20ms)
		EndReloadAssembly (1227ms)
			LoadAssemblies (111ms)
			RebuildTransferFunctionScriptingTraits (0ms)
			SetupTypeCache (325ms)
				TypeCache.Initialize (321ms)
					TypeCache.ScanAssembly (315ms)
				ResolveRequiredComponents (5ms)
			ReleaseScriptCaches (1ms)
			RebuildScriptCaches (73ms)
			SetupLoadedEditorAssemblies (650ms)
				LogAssemblyErrors (0ms)
				InitializePlatformSupportModulesInManaged (15ms)
				SetLoadedEditorAssemblies (9ms)
				RefreshPlugins (116ms)
				BeforeProcessingInitializeOnLoad (124ms)
				ProcessInitializeOnLoadAttributes (331ms)
				ProcessInitializeOnLoadMethodAttributes (44ms)
				AfterProcessingInitializeOnLoad (12ms)
				EditorAssembliesLoaded (0ms)
			ExecutionOrderSort2 (0ms)
			AwakeInstancesAfterBackupRestoration (7ms)
Platform modules already initialized, skipping
========================================================================
Worker process is ready to serve import requests
Launched and connected shader compiler UnityShaderCompiler.exe after 0.06 seconds
Refreshing native plugins compatible for Editor in 0.84 ms, found 4 plugins.
Preloading 0 native plugins for Editor in 0.00 ms.
Unloading 4596 Unused Serialized files (Serialized files now loaded: 0)
Unloading 43 unused Assets / (57.8 KB). Loaded Objects now: 5057.
Memory consumption went from 0.70 GB to 0.70 GB.
Total: 4.697600 ms (FindLiveObjects: 0.600600 ms CreateObjectMapping: 0.401100 ms MarkObjects: 3.512000 ms  DeleteObjects: 0.181900 ms)

AssetImportParameters requested are different than current active one (requested -> active):
  custom:video-decoder-ogg-theora: a1e56fd34408186e4bbccfd4996cb3dc -> 
  custom:container-muxer-webm: aa71ff27fc2769a1b78a27578f13a17b -> 
  custom:container-demuxer-webm: 4f35f7cbe854078d1ac9338744f61a02 -> 
  custom:video-encoder-webm-vp8: eb34c28f22e8b96e1ab97ce403110664 -> 
  custom:video-codec-MediaFoundation-h265: 746d11721c4dcdbdad8f713fa42b33f4 -> 
  custom:audio-encoder-webm-vorbis: bf7c407c2cedff20999df2af8eb42d56 -> 
  custom:framework-win-MediaFoundation: 216162199b28c13a410421893ffa2e32 -> 
  custom:container-demuxer-ogg: 62fdf1f143b41e24485cea50d1cbac27 -> 
  custom:video-decoder-webm-vp8: 9c59270c3fd7afecdb556c50c9e8de78 -> 
  custom:audio-decoder-ogg-vorbis: bf7c407c2cedff20999df2af8eb42d56 -> 
========================================================================
Received Import Request.
  Time since last request: 259498.451965 seconds.
  path: Assets/Digx7/Prefab/Debuff/Change Pattern Debuff Variant.prefab
  artifactKey: Guid(c106199509c8fe044a1e00ca8dd1f46a) Importer(815301076,1909f56bfc062723c751e8b465ee728b)
Start importing Assets/Digx7/Prefab/Debuff/Change Pattern Debuff Variant.prefab using Guid(c106199509c8fe044a1e00ca8dd1f46a) Importer(815301076,1909f56bfc062723c751e8b465ee728b)  -> (artifact id: 'f518ce67e08b78246be7cd7d36e8014a') in 0.370475 seconds 
========================================================================
Received Import Request.
  Time since last request: 8.722516 seconds.
  path: Assets/Digx7/Prefab/Debuff/Change Pattern Debuff Variant.prefab
  artifactKey: Guid(c106199509c8fe044a1e00ca8dd1f46a) Importer(815301076,1909f56bfc062723c751e8b465ee728b)
Start importing Assets/Digx7/Prefab/Debuff/Change Pattern Debuff Variant.prefab using Guid(c106199509c8fe044a1e00ca8dd1f46a) Importer(815301076,1909f56bfc062723c751e8b465ee728b)  -> (artifact id: 'ca3c5148f850950dd73b28bbf296b42f') in 0.087056 seconds 
========================================================================
Received Import Request.
  Time since last request: 0.000039 seconds.
  path: Assets/Digx7/Prefab/Debuff/Reduce Bullet Speed Debuff Variant.prefab
  artifactKey: Guid(3aba3efb5fba4a5448a6657b59ac52e5) Importer(815301076,1909f56bfc062723c751e8b465ee728b)
Start importing Assets/Digx7/Prefab/Debuff/Reduce Bullet Speed Debuff Variant.prefab using Guid(3aba3efb5fba4a5448a6657b59ac52e5) Importer(815301076,1909f56bfc062723c751e8b465ee728b)  -> (artifact id: '153892ff1f460288f09ae41b306d8c7d') in 0.063626 seconds 
========================================================================
Received Import Request.
  Time since last request: 24.492634 seconds.
  path: Assets/Digx7/Prefab/Debuff/Change Pattern Debuff Variant.prefab
  artifactKey: Guid(c106199509c8fe044a1e00ca8dd1f46a) Importer(815301076,1909f56bfc062723c751e8b465ee728b)
Start importing Assets/Digx7/Prefab/Debuff/Change Pattern Debuff Variant.prefab using Guid(c106199509c8fe044a1e00ca8dd1f46a) Importer(815301076,1909f56bfc062723c751e8b465ee728b)  -> (artifact id: '8907a051ce3e8b6e62f3acc250393dc5') in 0.085263 seconds 
========================================================================
Received Import Request.
  Time since last request: 0.000030 seconds.
  path: Assets/Digx7/Prefab/Debuff/Increase Fire Rate Debuff Variant.prefab
  artifactKey: Guid(fd6a4206cd9b9f643b374b285135ac95) Importer(815301076,1909f56bfc062723c751e8b465ee728b)
Start importing Assets/Digx7/Prefab/Debuff/Increase Fire Rate Debuff Variant.prefab using Guid(fd6a4206cd9b9f643b374b285135ac95) Importer(815301076,1909f56bfc062723c751e8b465ee728b)  -> (artifact id: '5242d19253ad0305b52dcfaece6d64a2') in 0.093364 seconds 
========================================================================
Received Import Request.
  Time since last request: 13.575037 seconds.
  path: Assets/Digx7/Prefab/Debuff/Change Pattern Debuff Variant.prefab
  artifactKey: Guid(c106199509c8fe044a1e00ca8dd1f46a) Importer(815301076,1909f56bfc062723c751e8b465ee728b)
Start importing Assets/Digx7/Prefab/Debuff/Change Pattern Debuff Variant.prefab using Guid(c106199509c8fe044a1e00ca8dd1f46a) Importer(815301076,1909f56bfc062723c751e8b465ee728b)  -> (artifact id: '7527d399c4f4fd5cf67c995235664bc0') in 0.114466 seconds 
========================================================================
Received Import Request.
  Time since last request: 0.000030 seconds.
  path: Assets/Digx7/Prefab/Debuff/Increase Fire Rate Debuff Variant.prefab
  artifactKey: Guid(fd6a4206cd9b9f643b374b285135ac95) Importer(815301076,1909f56bfc062723c751e8b465ee728b)
Start importing Assets/Digx7/Prefab/Debuff/Increase Fire Rate Debuff Variant.prefab using Guid(fd6a4206cd9b9f643b374b285135ac95) Importer(815301076,1909f56bfc062723c751e8b465ee728b)  -> (artifact id: 'c819caea07c1c2f63e48d5ce35115655') in 0.084774 seconds 
========================================================================
Received Import Request.
  Time since last request: 28.155010 seconds.
  path: Assets/Digx7/Prefab/Debuff/Change Pattern Debuff Variant.prefab
  artifactKey: Guid(c106199509c8fe044a1e00ca8dd1f46a) Importer(815301076,1909f56bfc062723c751e8b465ee728b)
Start importing Assets/Digx7/Prefab/Debuff/Change Pattern Debuff Variant.prefab using Guid(c106199509c8fe044a1e00ca8dd1f46a) Importer(815301076,1909f56bfc062723c751e8b465ee728b)  -> (artifact id: '0d1c68f4348bc946c1c83e48c00edf6f') in 0.149683 seconds 
========================================================================
Received Import Request.
  Time since last request: 0.000030 seconds.
  path: Assets/Digx7/Prefab/Debuff/Decrease Speed Debuff Variant.prefab
  artifactKey: Guid(b2c74ff980d4378438832f89757f2a37) Importer(815301076,1909f56bfc062723c751e8b465ee728b)
Start importing Assets/Digx7/Prefab/Debuff/Decrease Speed Debuff Variant.prefab using Guid(b2c74ff980d4378438832f89757f2a37) Importer(815301076,1909f56bfc062723c751e8b465ee728b)  -> (artifact id: 'f2e46551a4d0b52bfe6fcabb1a6419bd') in 0.060047 seconds 
========================================================================
Received Import Request.
  Time since last request: 6.459910 seconds.
  path: Assets/Digx7/Prefab/Debuff/Change Pattern Debuff Variant.prefab
  artifactKey: Guid(c106199509c8fe044a1e00ca8dd1f46a) Importer(815301076,1909f56bfc062723c751e8b465ee728b)
Start importing Assets/Digx7/Prefab/Debuff/Change Pattern Debuff Variant.prefab using Guid(c106199509c8fe044a1e00ca8dd1f46a) Importer(815301076,1909f56bfc062723c751e8b465ee728b)  -> (artifact id: 'c8a725cb9b168c10dcfc8e809a839679') in 0.116327 seconds 
========================================================================
Received Import Request.
  Time since last request: 0.000038 seconds.
  path: Assets/Digx7/Prefab/Debuff/Increase Fire Rate Debuff Variant.prefab
  artifactKey: Guid(fd6a4206cd9b9f643b374b285135ac95) Importer(815301076,1909f56bfc062723c751e8b465ee728b)
Start importing Assets/Digx7/Prefab/Debuff/Increase Fire Rate Debuff Variant.prefab using Guid(fd6a4206cd9b9f643b374b285135ac95) Importer(815301076,1909f56bfc062723c751e8b465ee728b)  -> (artifact id: '642015e846249c9167a771fd3fbad17e') in 0.088619 seconds 
========================================================================
Received Import Request.
  Time since last request: 3.663970 seconds.
  path: Assets/Digx7/Prefab/Debuff/Change Pattern Debuff Variant.prefab
  artifactKey: Guid(c106199509c8fe044a1e00ca8dd1f46a) Importer(815301076,1909f56bfc062723c751e8b465ee728b)
Start importing Assets/Digx7/Prefab/Debuff/Change Pattern Debuff Variant.prefab using Guid(c106199509c8fe044a1e00ca8dd1f46a) Importer(815301076,1909f56bfc062723c751e8b465ee728b)  -> (artifact id: 'fe6098b4041b3fa7147f364207243920') in 0.135339 seconds 
========================================================================
Received Import Request.
  Time since last request: 0.000052 seconds.
  path: Assets/Digx7/Prefab/Debuff/Decrease Speed Debuff Variant.prefab
  artifactKey: Guid(b2c74ff980d4378438832f89757f2a37) Importer(815301076,1909f56bfc062723c751e8b465ee728b)
Start importing Assets/Digx7/Prefab/Debuff/Decrease Speed Debuff Variant.prefab using Guid(b2c74ff980d4378438832f89757f2a37) Importer(815301076,1909f56bfc062723c751e8b465ee728b)  -> (artifact id: '9854845fa3f1700fb3aafb1a85c188bb') in 0.079529 seconds 
========================================================================
Received Import Request.
  Time since last request: 4.497783 seconds.
  path: Assets/Digx7/Prefab/Debuff/Change Pattern Debuff Variant.prefab
  artifactKey: Guid(c106199509c8fe044a1e00ca8dd1f46a) Importer(815301076,1909f56bfc062723c751e8b465ee728b)
Start importing Assets/Digx7/Prefab/Debuff/Change Pattern Debuff Variant.prefab using Guid(c106199509c8fe044a1e00ca8dd1f46a) Importer(815301076,1909f56bfc062723c751e8b465ee728b)  -> (artifact id: '20a9ac4d75169faaada9b93a76191c53') in 0.062707 seconds 
========================================================================
Received Import Request.
  Time since last request: 0.000037 seconds.
  path: Assets/Digx7/Prefab/Debuff/Increase Fire Rate Debuff Variant.prefab
  artifactKey: Guid(fd6a4206cd9b9f643b374b285135ac95) Importer(815301076,1909f56bfc062723c751e8b465ee728b)
Start importing Assets/Digx7/Prefab/Debuff/Increase Fire Rate Debuff Variant.prefab using Guid(fd6a4206cd9b9f643b374b285135ac95) Importer(815301076,1909f56bfc062723c751e8b465ee728b)  -> (artifact id: '3e7809d60b3c74550298478e1f9461f9') in 0.058110 seconds 
========================================================================
Received Import Request.
  Time since last request: 4.685793 seconds.
  path: Assets/Digx7/Prefab/Debuff/Change Pattern Debuff Variant.prefab
  artifactKey: Guid(c106199509c8fe044a1e00ca8dd1f46a) Importer(815301076,1909f56bfc062723c751e8b465ee728b)
Start importing Assets/Digx7/Prefab/Debuff/Change Pattern Debuff Variant.prefab using Guid(c106199509c8fe044a1e00ca8dd1f46a) Importer(815301076,1909f56bfc062723c751e8b465ee728b)  -> (artifact id: 'df066ea2f1209698e4e4fa90d2f29b52') in 0.150527 seconds 
========================================================================
Received Import Request.
  Time since last request: 0.000032 seconds.
  path: Assets/Digx7/Prefab/Debuff/Increase Damage Taken Debuff Variant.prefab
  artifactKey: Guid(90be7fe93abbfac46871da3f52614cd5) Importer(815301076,1909f56bfc062723c751e8b465ee728b)
Start importing Assets/Digx7/Prefab/Debuff/Increase Damage Taken Debuff Variant.prefab using Guid(90be7fe93abbfac46871da3f52614cd5) Importer(815301076,1909f56bfc062723c751e8b465ee728b)  -> (artifact id: '8c98e371668e01077fa77bca291f826e') in 0.080693 seconds 
========================================================================
Received Import Request.
  Time since last request: 36.173028 seconds.
  path: Assets/Digx7/Prefab/Debuff/Change Pattern Debuff Variant.prefab
  artifactKey: Guid(c106199509c8fe044a1e00ca8dd1f46a) Importer(815301076,1909f56bfc062723c751e8b465ee728b)
Start importing Assets/Digx7/Prefab/Debuff/Change Pattern Debuff Variant.prefab using Guid(c106199509c8fe044a1e00ca8dd1f46a) Importer(815301076,1909f56bfc062723c751e8b465ee728b)  -> (artifact id: '264adc8f7a72b80973dcc32bfda2f733') in 0.169230 seconds 
========================================================================
Received Import Request.
  Time since last request: 0.000028 seconds.
  path: Assets/Digx7/Prefab/Debuff/Increase Damage Taken Debuff Variant.prefab
  artifactKey: Guid(90be7fe93abbfac46871da3f52614cd5) Importer(815301076,1909f56bfc062723c751e8b465ee728b)
Start importing Assets/Digx7/Prefab/Debuff/Increase Damage Taken Debuff Variant.prefab using Guid(90be7fe93abbfac46871da3f52614cd5) Importer(815301076,1909f56bfc062723c751e8b465ee728b)  -> (artifact id: 'e2e7c61e27201556a10e6b56bf6ec6da') in 0.058012 seconds 
========================================================================
Received Import Request.
  Time since last request: 74.936245 seconds.
  path: Assets/Digx7/Prefab/Debuff/Change Pattern Debuff Variant.prefab
  artifactKey: Guid(c106199509c8fe044a1e00ca8dd1f46a) Importer(815301076,1909f56bfc062723c751e8b465ee728b)
Start importing Assets/Digx7/Prefab/Debuff/Change Pattern Debuff Variant.prefab using Guid(c106199509c8fe044a1e00ca8dd1f46a) Importer(815301076,1909f56bfc062723c751e8b465ee728b)  -> (artifact id: '017c14e4f11856517b197ebe7b131602') in 0.215132 seconds 
========================================================================
Received Import Request.
  Time since last request: 0.000063 seconds.
  path: Assets/Digx7/Prefab/Debuff/Debuff_SpawnInParticles.prefab
  artifactKey: Guid(b558e7411774fe4449f01f4c7088b548) Importer(815301076,1909f56bfc062723c751e8b465ee728b)
Start importing Assets/Digx7/Prefab/Debuff/Debuff_SpawnInParticles.prefab using Guid(b558e7411774fe4449f01f4c7088b548) Importer(815301076,1909f56bfc062723c751e8b465ee728b)  -> (artifact id: '937561543ea39cbe85697a0c95bb9f42') in 0.109126 seconds 
========================================================================
Received Import Request.
  Time since last request: 0.000049 seconds.
  path: Assets/Digx7/Prefab/Debuff/Reduce Bullet Speed Debuff Variant.prefab
  artifactKey: Guid(3aba3efb5fba4a5448a6657b59ac52e5) Importer(815301076,1909f56bfc062723c751e8b465ee728b)
Start importing Assets/Digx7/Prefab/Debuff/Reduce Bullet Speed Debuff Variant.prefab using Guid(3aba3efb5fba4a5448a6657b59ac52e5) Importer(815301076,1909f56bfc062723c751e8b465ee728b)  -> (artifact id: 'd96049cbdb0be581768543689dbd9f35') in 0.068404 seconds 
========================================================================
Received Import Request.
  Time since last request: 0.000034 seconds.
  path: Assets/Digx7/Prefab/Debuff/Increase Damage Taken Debuff Variant.prefab
  artifactKey: Guid(90be7fe93abbfac46871da3f52614cd5) Importer(815301076,1909f56bfc062723c751e8b465ee728b)
Start importing Assets/Digx7/Prefab/Debuff/Increase Damage Taken Debuff Variant.prefab using Guid(90be7fe93abbfac46871da3f52614cd5) Importer(815301076,1909f56bfc062723c751e8b465ee728b)  -> (artifact id: '13f0bd6618d9936725ccdb918be2e1fe') in 0.047697 seconds 
========================================================================
Received Import Request.
  Time since last request: 4.227710 seconds.
  path: Assets/Digx7/Prefab/Debuff/Change Pattern Debuff Variant.prefab
  artifactKey: Guid(c106199509c8fe044a1e00ca8dd1f46a) Importer(815301076,1909f56bfc062723c751e8b465ee728b)
Start importing Assets/Digx7/Prefab/Debuff/Change Pattern Debuff Variant.prefab using Guid(c106199509c8fe044a1e00ca8dd1f46a) Importer(815301076,1909f56bfc062723c751e8b465ee728b)  -> (artifact id: '1fc5fbfed58e260d98fc8be427f263de') in 0.067818 seconds 
========================================================================
Received Import Request.
  Time since last request: 0.000045 seconds.
  path: Assets/Digx7/Prefab/Debuff/Debuff_SpawnInParticles.prefab
  artifactKey: Guid(b558e7411774fe4449f01f4c7088b548) Importer(815301076,1909f56bfc062723c751e8b465ee728b)
Start importing Assets/Digx7/Prefab/Debuff/Debuff_SpawnInParticles.prefab using Guid(b558e7411774fe4449f01f4c7088b548) Importer(815301076,1909f56bfc062723c751e8b465ee728b)  -> (artifact id: 'b11c306d12d242ba00e67c1fd8cb0bfc') in 0.076398 seconds 
========================================================================
Received Import Request.
  Time since last request: 0.000033 seconds.
  path: Assets/Digx7/Prefab/Debuff/Reduce Bullet Speed Debuff Variant.prefab
  artifactKey: Guid(3aba3efb5fba4a5448a6657b59ac52e5) Importer(815301076,1909f56bfc062723c751e8b465ee728b)
Start importing Assets/Digx7/Prefab/Debuff/Reduce Bullet Speed Debuff Variant.prefab using Guid(3aba3efb5fba4a5448a6657b59ac52e5) Importer(815301076,1909f56bfc062723c751e8b465ee728b)  -> (artifact id: '5cb044ea0703d1a33959c523fc59f04d') in 0.051125 seconds 
========================================================================
Received Import Request.
  Time since last request: 0.000050 seconds.
  path: Assets/Digx7/Prefab/Debuff/Increase Damage Taken Debuff Variant.prefab
  artifactKey: Guid(90be7fe93abbfac46871da3f52614cd5) Importer(815301076,1909f56bfc062723c751e8b465ee728b)
Start importing Assets/Digx7/Prefab/Debuff/Increase Damage Taken Debuff Variant.prefab using Guid(90be7fe93abbfac46871da3f52614cd5) Importer(815301076,1909f56bfc062723c751e8b465ee728b)  -> (artifact id: '4908145d059d549becefa788fd42e0f4') in 0.048173 seconds 
Editor requested this worker to shutdown with reason: Scaling down because of idle timeout
AssetImportWorker is now disconnected from the server
Process exiting
Exiting without the bug reporter. Application will terminate with return code 0